Warning[206] C:\USERS\SOUZA\MPLABXPROJECTS\PROJETO.X\MAIN.ASM 18 : Found call to macro in column 1. (POG_VARIAVEIS)
Warning[203] C:\USERS\SOUZA\MPLABXPROJECTS\PROJETO.X\MAIN.ASM 36 : Found opcode in column 1. (RETFIE)
Warning[206] C:\USERS\SOUZA\MPLABXPROJECTS\PROJETO.X\MAIN.ASM 40 : Found call to macro in column 1. (ENABLE_DELAYS)
Warning[206] C:\USERS\SOUZA\MPLABXPROJECTS\PROJETO.X\MAIN.ASM 41 : Found call to macro in column 1. (ENABLE_DISPLAY)
Message[302] C:\USERS\SOUZA\MPLABXPROJECTS\PROJETO.X\CALCULATOR_DISPLAY_HEADER.INC 29 : Register in operand not in bank 0.  Ensure that bank bits are correct.
Message[302] C:\USERS\SOUZA\MPLABXPROJECTS\PROJETO.X\CALCULATOR_DISPLAY_HEADER.INC 30 : Register in operand not in bank 0.  Ensure that bank bits are correct.
Message[302] C:\USERS\SOUZA\MPLABXPROJECTS\PROJETO.X\CALCULATOR_DISPLAY_HEADER.INC 31 : Register in operand not in bank 0.  Ensure that bank bits are correct.
Warning[206] C:\USERS\SOUZA\MPLABXPROJECTS\PROJETO.X\MAIN.ASM 42 : Found call to macro in column 1. (USE_DISPLAY)
Warning[206] C:\USERS\SOUZA\MPLABXPROJECTS\PROJETO.X\MAIN.ASM 43 : Found call to macro in column 1. (SHOW_ALL_DISPLAYS)
Message[305] C:\USERS\SOUZA\MPLABXPROJECTS\PROJETO.X\GENERAL_USE_HEADER.INC 68 : Using default destination of 1 (file).
Message[305] C:\USERS\SOUZA\MPLABXPROJECTS\PROJETO.X\GENERAL_USE_HEADER.INC 69 : Using default destination of 1 (file).
Message[305] C:\USERS\SOUZA\MPLABXPROJECTS\PROJETO.X\GENERAL_USE_HEADER.INC 68 : Using default destination of 1 (file).
Message[305] C:\USERS\SOUZA\MPLABXPROJECTS\PROJETO.X\GENERAL_USE_HEADER.INC 69 : Using default destination of 1 (file).
Message[305] C:\USERS\SOUZA\MPLABXPROJECTS\PROJETO.X\GENERAL_USE_HEADER.INC 68 : Using default destination of 1 (file).
Message[305] C:\USERS\SOUZA\MPLABXPROJECTS\PROJETO.X\GENERAL_USE_HEADER.INC 69 : Using default destination of 1 (file).
Message[305] C:\USERS\SOUZA\MPLABXPROJECTS\PROJETO.X\GENERAL_USE_HEADER.INC 68 : Using default destination of 1 (file).
Message[305] C:\USERS\SOUZA\MPLABXPROJECTS\PROJETO.X\GENERAL_USE_HEADER.INC 69 : Using default destination of 1 (file).
Message[305] C:\USERS\SOUZA\MPLABXPROJECTS\PROJETO.X\GENERAL_USE_HEADER.INC 68 : Using default destination of 1 (file).
Message[305] C:\USERS\SOUZA\MPLABXPROJECTS\PROJETO.X\GENERAL_USE_HEADER.INC 69 : Using default destination of 1 (file).
Message[305] C:\USERS\SOUZA\MPLABXPROJECTS\PROJETO.X\GENERAL_USE_HEADER.INC 68 : Using default destination of 1 (file).
Message[305] C:\USERS\SOUZA\MPLABXPROJECTS\PROJETO.X\GENERAL_USE_HEADER.INC 69 : Using default destination of 1 (file).
Message[305] C:\USERS\SOUZA\MPLABXPROJECTS\PROJETO.X\GENERAL_USE_HEADER.INC 68 : Using default destination of 1 (file).
Message[305] C:\USERS\SOUZA\MPLABXPROJECTS\PROJETO.X\GENERAL_USE_HEADER.INC 69 : Using default destination of 1 (file).
Message[305] C:\USERS\SOUZA\MPLABXPROJECTS\PROJETO.X\GENERAL_USE_HEADER.INC 68 : Using default destination of 1 (file).
Message[305] C:\USERS\SOUZA\MPLABXPROJECTS\PROJETO.X\GENERAL_USE_HEADER.INC 69 : Using default destination of 1 (file).
Message[305] C:\USERS\SOUZA\MPLABXPROJECTS\PROJETO.X\GENERAL_USE_HEADER.INC 68 : Using default destination of 1 (file).
Message[305] C:\USERS\SOUZA\MPLABXPROJECTS\PROJETO.X\GENERAL_USE_HEADER.INC 69 : Using default destination of 1 (file).
Message[305] C:\USERS\SOUZA\MPLABXPROJECTS\PROJETO.X\GENERAL_USE_HEADER.INC 68 : Using default destination of 1 (file).
Message[305] C:\USERS\SOUZA\MPLABXPROJECTS\PROJETO.X\GENERAL_USE_HEADER.INC 69 : Using default destination of 1 (file).
Message[305] C:\USERS\SOUZA\MPLABXPROJECTS\PROJETO.X\GENERAL_USE_HEADER.INC 68 : Using default destination of 1 (file).
Message[305] C:\USERS\SOUZA\MPLABXPROJECTS\PROJETO.X\GENERAL_USE_HEADER.INC 69 : Using default destination of 1 (file).
Message[305] C:\USERS\SOUZA\MPLABXPROJECTS\PROJETO.X\GENERAL_USE_HEADER.INC 68 : Using default destination of 1 (file).
Message[305] C:\USERS\SOUZA\MPLABXPROJECTS\PROJETO.X\GENERAL_USE_HEADER.INC 69 : Using default destination of 1 (file).
Message[305] C:\USERS\SOUZA\MPLABXPROJECTS\PROJETO.X\GENERAL_USE_HEADER.INC 68 : Using default destination of 1 (file).
Message[305] C:\USERS\SOUZA\MPLABXPROJECTS\PROJETO.X\GENERAL_USE_HEADER.INC 69 : Using default destination of 1 (file).
Message[305] C:\USERS\SOUZA\MPLABXPROJECTS\PROJETO.X\GENERAL_USE_HEADER.INC 68 : Using default destination of 1 (file).
Message[305] C:\USERS\SOUZA\MPLABXPROJECTS\PROJETO.X\GENERAL_USE_HEADER.INC 69 : Using default destination of 1 (file).
Message[305] C:\USERS\SOUZA\MPLABXPROJECTS\PROJETO.X\GENERAL_USE_HEADER.INC 68 : Using default destination of 1 (file).
Message[305] C:\USERS\SOUZA\MPLABXPROJECTS\PROJETO.X\GENERAL_USE_HEADER.INC 69 : Using default destination of 1 (file).
Message[305] C:\USERS\SOUZA\MPLABXPROJECTS\PROJETO.X\GENERAL_USE_HEADER.INC 68 : Using default destination of 1 (file).
Message[305] C:\USERS\SOUZA\MPLABXPROJECTS\PROJETO.X\GENERAL_USE_HEADER.INC 69 : Using default destination of 1 (file).
Message[305] C:\USERS\SOUZA\MPLABXPROJECTS\PROJETO.X\GENERAL_USE_HEADER.INC 68 : Using default destination of 1 (file).
Message[305] C:\USERS\SOUZA\MPLABXPROJECTS\PROJETO.X\GENERAL_USE_HEADER.INC 69 : Using default destination of 1 (file).
Message[305] C:\USERS\SOUZA\MPLABXPROJECTS\PROJETO.X\GENERAL_USE_HEADER.INC 68 : Using default destination of 1 (file).
Message[305] C:\USERS\SOUZA\MPLABXPROJECTS\PROJETO.X\GENERAL_USE_HEADER.INC 69 : Using default destination of 1 (file).
Message[305] C:\USERS\SOUZA\MPLABXPROJECTS\PROJETO.X\GENERAL_USE_HEADER.INC 68 : Using default destination of 1 (file).
Message[305] C:\USERS\SOUZA\MPLABXPROJECTS\PROJETO.X\GENERAL_USE_HEADER.INC 69 : Using default destination of 1 (file).
Message[305] C:\USERS\SOUZA\MPLABXPROJECTS\PROJETO.X\GENERAL_USE_HEADER.INC 68 : Using default destination of 1 (file).
Message[305] C:\USERS\SOUZA\MPLABXPROJECTS\PROJETO.X\GENERAL_USE_HEADER.INC 69 : Using default destination of 1 (file).
Message[305] C:\USERS\SOUZA\MPLABXPROJECTS\PROJETO.X\GENERAL_USE_HEADER.INC 68 : Using default destination of 1 (file).
Message[305] C:\USERS\SOUZA\MPLABXPROJECTS\PROJETO.X\GENERAL_USE_HEADER.INC 69 : Using default destination of 1 (file).
Message[305] C:\USERS\SOUZA\MPLABXPROJECTS\PROJETO.X\GENERAL_USE_HEADER.INC 68 : Using default destination of 1 (file).
Message[305] C:\USERS\SOUZA\MPLABXPROJECTS\PROJETO.X\GENERAL_USE_HEADER.INC 69 : Using default destination of 1 (file).
Message[305] C:\USERS\SOUZA\MPLABXPROJECTS\PROJETO.X\GENERAL_USE_HEADER.INC 68 : Using default destination of 1 (file).
Message[305] C:\USERS\SOUZA\MPLABXPROJECTS\PROJETO.X\GENERAL_USE_HEADER.INC 69 : Using default destination of 1 (file).
Message[305] C:\USERS\SOUZA\MPLABXPROJECTS\PROJETO.X\GENERAL_USE_HEADER.INC 68 : Using default destination of 1 (file).
Message[305] C:\USERS\SOUZA\MPLABXPROJECTS\PROJETO.X\GENERAL_USE_HEADER.INC 69 : Using default destination of 1 (file).
Message[305] C:\USERS\SOUZA\MPLABXPROJECTS\PROJETO.X\GENERAL_USE_HEADER.INC 68 : Using default destination of 1 (file).
Message[305] C:\USERS\SOUZA\MPLABXPROJECTS\PROJETO.X\GENERAL_USE_HEADER.INC 69 : Using default destination of 1 (file).
Message[305] C:\USERS\SOUZA\MPLABXPROJECTS\PROJETO.X\GENERAL_USE_HEADER.INC 68 : Using default destination of 1 (file).
Message[305] C:\USERS\SOUZA\MPLABXPROJECTS\PROJETO.X\GENERAL_USE_HEADER.INC 69 : Using default destination of 1 (file).
Message[305] C:\USERS\SOUZA\MPLABXPROJECTS\PROJETO.X\GENERAL_USE_HEADER.INC 68 : Using default destination of 1 (file).
Message[305] C:\USERS\SOUZA\MPLABXPROJECTS\PROJETO.X\GENERAL_USE_HEADER.INC 69 : Using default destination of 1 (file).
Message[305] C:\USERS\SOUZA\MPLABXPROJECTS\PROJETO.X\GENERAL_USE_HEADER.INC 68 : Using default destination of 1 (file).
Message[305] C:\USERS\SOUZA\MPLABXPROJECTS\PROJETO.X\GENERAL_USE_HEADER.INC 69 : Using default destination of 1 (file).
Message[305] C:\USERS\SOUZA\MPLABXPROJECTS\PROJETO.X\GENERAL_USE_HEADER.INC 68 : Using default destination of 1 (file).
Message[305] C:\USERS\SOUZA\MPLABXPROJECTS\PROJETO.X\GENERAL_USE_HEADER.INC 69 : Using default destination of 1 (file).
Message[305] C:\USERS\SOUZA\MPLABXPROJECTS\PROJETO.X\GENERAL_USE_HEADER.INC 68 : Using default destination of 1 (file).
Message[305] C:\USERS\SOUZA\MPLABXPROJECTS\PROJETO.X\GENERAL_USE_HEADER.INC 69 : Using default destination of 1 (file).
Message[305] C:\USERS\SOUZA\MPLABXPROJECTS\PROJETO.X\GENERAL_USE_HEADER.INC 68 : Using default destination of 1 (file).
Message[305] C:\USERS\SOUZA\MPLABXPROJECTS\PROJETO.X\GENERAL_USE_HEADER.INC 69 : Using default destination of 1 (file).
Message[305] C:\USERS\SOUZA\MPLABXPROJECTS\PROJETO.X\GENERAL_USE_HEADER.INC 68 : Using default destination of 1 (file).
Message[305] C:\USERS\SOUZA\MPLABXPROJECTS\PROJETO.X\GENERAL_USE_HEADER.INC 69 : Using default destination of 1 (file).
Message[305] C:\USERS\SOUZA\MPLABXPROJECTS\PROJETO.X\GENERAL_USE_HEADER.INC 68 : Using default destination of 1 (file).
Message[305] C:\USERS\SOUZA\MPLABXPROJECTS\PROJETO.X\GENERAL_USE_HEADER.INC 69 : Using default destination of 1 (file).
Message[305] C:\USERS\SOUZA\MPLABXPROJECTS\PROJETO.X\GENERAL_USE_HEADER.INC 68 : Using default destination of 1 (file).
Message[305] C:\USERS\SOUZA\MPLABXPROJECTS\PROJETO.X\GENERAL_USE_HEADER.INC 69 : Using default destination of 1 (file).
Message[305] C:\USERS\SOUZA\MPLABXPROJECTS\PROJETO.X\GENERAL_USE_HEADER.INC 68 : Using default destination of 1 (file).
Message[305] C:\USERS\SOUZA\MPLABXPROJECTS\PROJETO.X\GENERAL_USE_HEADER.INC 69 : Using default destination of 1 (file).
Message[305] C:\USERS\SOUZA\MPLABXPROJECTS\PROJETO.X\GENERAL_USE_HEADER.INC 68 : Using default destination of 1 (file).
Message[305] C:\USERS\SOUZA\MPLABXPROJECTS\PROJETO.X\GENERAL_USE_HEADER.INC 69 : Using default destination of 1 (file).
Message[305] C:\USERS\SOUZA\MPLABXPROJECTS\PROJETO.X\GENERAL_USE_HEADER.INC 68 : Using default destination of 1 (file).
Message[305] C:\USERS\SOUZA\MPLABXPROJECTS\PROJETO.X\GENERAL_USE_HEADER.INC 69 : Using default destination of 1 (file).
Message[305] C:\USERS\SOUZA\MPLABXPROJECTS\PROJETO.X\GENERAL_USE_HEADER.INC 68 : Using default destination of 1 (file).
Message[305] C:\USERS\SOUZA\MPLABXPROJECTS\PROJETO.X\GENERAL_USE_HEADER.INC 69 : Using default destination of 1 (file).
Message[305] C:\USERS\SOUZA\MPLABXPROJECTS\PROJETO.X\GENERAL_USE_HEADER.INC 68 : Using default destination of 1 (file).
Message[305] C:\USERS\SOUZA\MPLABXPROJECTS\PROJETO.X\GENERAL_USE_HEADER.INC 69 : Using default destination of 1 (file).
Message[305] C:\USERS\SOUZA\MPLABXPROJECTS\PROJETO.X\GENERAL_USE_HEADER.INC 68 : Using default destination of 1 (file).
Message[305] C:\USERS\SOUZA\MPLABXPROJECTS\PROJETO.X\GENERAL_USE_HEADER.INC 69 : Using default destination of 1 (file).
Warning[206] C:\USERS\SOUZA\MPLABXPROJECTS\PROJETO.X\MAIN.ASM 44 : Found call to macro in column 1. (ENABLE_KEYBOARD)
Warning[207] C:\USERS\SOUZA\MPLABXPROJECTS\PROJETO.X\CALCULATOR_KEYBOARD_HEADER.INC 21 : Found label after column 1. (CONFIG_KEYBOARD)
Message[302] C:\USERS\SOUZA\MPLABXPROJECTS\PROJETO.X\CALCULATOR_KEYBOARD_HEADER.INC 23 : Register in operand not in bank 0.  Ensure that bank bits are correct.
Message[302] C:\USERS\SOUZA\MPLABXPROJECTS\PROJETO.X\CALCULATOR_KEYBOARD_HEADER.INC 25 : Register in operand not in bank 0.  Ensure that bank bits are correct.
Message[302] C:\USERS\SOUZA\MPLABXPROJECTS\PROJETO.X\CALCULATOR_KEYBOARD_HEADER.INC 27 : Register in operand not in bank 0.  Ensure that bank bits are correct.
Warning[206] C:\USERS\SOUZA\MPLABXPROJECTS\PROJETO.X\MAIN.ASM 45 : Found call to macro in column 1. (INPUT_KEYBOARD)
Warning[207] C:\USERS\SOUZA\MPLABXPROJECTS\PROJETO.X\CALCULATOR_KEYBOARD_HEADER.INC 36 : Found label after column 1. (INPUT_LOOP)
Message[302] C:\USERS\SOUZA\MPLABXPROJECTS\PROJETO.X\CALCULATOR_KEYBOARD_HEADER.INC 39 : Register in operand not in bank 0.  Ensure that bank bits are correct.
Message[302] C:\USERS\SOUZA\MPLABXPROJECTS\PROJETO.X\CALCULATOR_KEYBOARD_HEADER.INC 45 : Register in operand not in bank 0.  Ensure that bank bits are correct.
Message[302] C:\USERS\SOUZA\MPLABXPROJECTS\PROJETO.X\CALCULATOR_KEYBOARD_HEADER.INC 51 : Register in operand not in bank 0.  Ensure that bank bits are correct.
Message[302] C:\USERS\SOUZA\MPLABXPROJECTS\PROJETO.X\CALCULATOR_KEYBOARD_HEADER.INC 60 : Register in operand not in bank 0.  Ensure that bank bits are correct.
Message[302] C:\USERS\SOUZA\MPLABXPROJECTS\PROJETO.X\CALCULATOR_KEYBOARD_HEADER.INC 65 : Register in operand not in bank 0.  Ensure that bank bits are correct.
Message[302] C:\USERS\SOUZA\MPLABXPROJECTS\PROJETO.X\CALCULATOR_KEYBOARD_HEADER.INC 70 : Register in operand not in bank 0.  Ensure that bank bits are correct.
Message[302] C:\USERS\SOUZA\MPLABXPROJECTS\PROJETO.X\CALCULATOR_KEYBOARD_HEADER.INC 75 : Register in operand not in bank 0.  Ensure that bank bits are correct.
Message[302] C:\USERS\SOUZA\MPLABXPROJECTS\PROJETO.X\CALCULATOR_KEYBOARD_HEADER.INC 84 : Register in operand not in bank 0.  Ensure that bank bits are correct.
Message[302] C:\USERS\SOUZA\MPLABXPROJECTS\PROJETO.X\CALCULATOR_KEYBOARD_HEADER.INC 89 : Register in operand not in bank 0.  Ensure that bank bits are correct.
Message[302] C:\USERS\SOUZA\MPLABXPROJECTS\PROJETO.X\CALCULATOR_KEYBOARD_HEADER.INC 94 : Register in operand not in bank 0.  Ensure that bank bits are correct.
Warning[206] C:\USERS\SOUZA\MPLABXPROJECTS\PROJETO.X\MAIN.ASM 46 : Found call to macro in column 1. (OPERATIONS)
Warning[203] C:\USERS\SOUZA\MPLABXPROJECTS\PROJETO.X\CALCULATOR_OPERATION_HEADER.INC 17 : Found opcode in column 1. (MOVF)
Warning[203] C:\USERS\SOUZA\MPLABXPROJECTS\PROJETO.X\CALCULATOR_OPERATION_HEADER.INC 18 : Found opcode in column 1. (ADDWF)
Warning[203] C:\USERS\SOUZA\MPLABXPROJECTS\PROJETO.X\CALCULATOR_OPERATION_HEADER.INC 19 : Found opcode in column 1. (MOVWF)
Warning[206] C:\USERS\SOUZA\MPLABXPROJECTS\PROJETO.X\CALCULATOR_OPERATION_HEADER.INC 21 : Found call to macro in column 1. (CMP)
Message[305] C:\USERS\SOUZA\MPLABXPROJECTS\PROJETO.X\GENERAL_USE_HEADER.INC 68 : Using default destination of 1 (file).
Message[305] C:\USERS\SOUZA\MPLABXPROJECTS\PROJETO.X\GENERAL_USE_HEADER.INC 69 : Using default destination of 1 (file).
Warning[206] C:\USERS\SOUZA\MPLABXPROJECTS\PROJETO.X\CALCULATOR_OPERATION_HEADER.INC 23 : Found call to macro in column 1. (CMP)
Message[305] C:\USERS\SOUZA\MPLABXPROJECTS\PROJETO.X\GENERAL_USE_HEADER.INC 68 : Using default destination of 1 (file).
Message[305] C:\USERS\SOUZA\MPLABXPROJECTS\PROJETO.X\GENERAL_USE_HEADER.INC 69 : Using default destination of 1 (file).
Warning[206] C:\USERS\SOUZA\MPLABXPROJECTS\PROJETO.X\CALCULATOR_OPERATION_HEADER.INC 25 : Found call to macro in column 1. (CMP)
Message[305] C:\USERS\SOUZA\MPLABXPROJECTS\PROJETO.X\GENERAL_USE_HEADER.INC 68 : Using default destination of 1 (file).
Message[305] C:\USERS\SOUZA\MPLABXPROJECTS\PROJETO.X\GENERAL_USE_HEADER.INC 69 : Using default destination of 1 (file).
Warning[206] C:\USERS\SOUZA\MPLABXPROJECTS\PROJETO.X\CALCULATOR_OPERATION_HEADER.INC 27 : Found call to macro in column 1. (CMP)
Message[305] C:\USERS\SOUZA\MPLABXPROJECTS\PROJETO.X\GENERAL_USE_HEADER.INC 68 : Using default destination of 1 (file).
Message[305] C:\USERS\SOUZA\MPLABXPROJECTS\PROJETO.X\GENERAL_USE_HEADER.INC 69 : Using default destination of 1 (file).
Warning[206] C:\USERS\SOUZA\MPLABXPROJECTS\PROJETO.X\CALCULATOR_OPERATION_HEADER.INC 29 : Found call to macro in column 1. (CMP)
Message[305] C:\USERS\SOUZA\MPLABXPROJECTS\PROJETO.X\GENERAL_USE_HEADER.INC 68 : Using default destination of 1 (file).
Message[305] C:\USERS\SOUZA\MPLABXPROJECTS\PROJETO.X\GENERAL_USE_HEADER.INC 69 : Using default destination of 1 (file).
Warning[206] C:\USERS\SOUZA\MPLABXPROJECTS\PROJETO.X\CALCULATOR_OPERATION_HEADER.INC 31 : Found call to macro in column 1. (CMP)
Message[305] C:\USERS\SOUZA\MPLABXPROJECTS\PROJETO.X\GENERAL_USE_HEADER.INC 68 : Using default destination of 1 (file).
Message[305] C:\USERS\SOUZA\MPLABXPROJECTS\PROJETO.X\GENERAL_USE_HEADER.INC 69 : Using default destination of 1 (file).
Warning[206] C:\USERS\SOUZA\MPLABXPROJECTS\PROJETO.X\CALCULATOR_OPERATION_HEADER.INC 33 : Found call to macro in column 1. (CMP)
Message[305] C:\USERS\SOUZA\MPLABXPROJECTS\PROJETO.X\GENERAL_USE_HEADER.INC 68 : Using default destination of 1 (file).
Message[305] C:\USERS\SOUZA\MPLABXPROJECTS\PROJETO.X\GENERAL_USE_HEADER.INC 69 : Using default destination of 1 (file).
Warning[206] C:\USERS\SOUZA\MPLABXPROJECTS\PROJETO.X\CALCULATOR_OPERATION_HEADER.INC 35 : Found call to macro in column 1. (CMP)
Message[305] C:\USERS\SOUZA\MPLABXPROJECTS\PROJETO.X\GENERAL_USE_HEADER.INC 68 : Using default destination of 1 (file).
Message[305] C:\USERS\SOUZA\MPLABXPROJECTS\PROJETO.X\GENERAL_USE_HEADER.INC 69 : Using default destination of 1 (file).
Warning[206] C:\USERS\SOUZA\MPLABXPROJECTS\PROJETO.X\CALCULATOR_OPERATION_HEADER.INC 37 : Found call to macro in column 1. (CMP)
Message[305] C:\USERS\SOUZA\MPLABXPROJECTS\PROJETO.X\GENERAL_USE_HEADER.INC 68 : Using default destination of 1 (file).
Message[305] C:\USERS\SOUZA\MPLABXPROJECTS\PROJETO.X\GENERAL_USE_HEADER.INC 69 : Using default destination of 1 (file).
Message[305] C:\USERS\SOUZA\MPLABXPROJECTS\PROJETO.X\CALCULATOR_OPERATION_HEADER.INC 42 : Using default destination of 1 (file).
Message[305] C:\USERS\SOUZA\MPLABXPROJECTS\PROJETO.X\CALCULATOR_OPERATION_HEADER.INC 47 : Using default destination of 1 (file).
Message[305] C:\USERS\SOUZA\MPLABXPROJECTS\PROJETO.X\CALCULATOR_OPERATION_HEADER.INC 52 : Using default destination of 1 (file).
Warning[207] C:\USERS\SOUZA\MPLABXPROJECTS\PROJETO.X\CALCULATOR_OPERATION_HEADER.INC 54 : Found label after column 1. (U_CARRY_3)
Message[305] C:\USERS\SOUZA\MPLABXPROJECTS\PROJETO.X\CALCULATOR_OPERATION_HEADER.INC 57 : Using default destination of 1 (file).
Message[305] C:\USERS\SOUZA\MPLABXPROJECTS\PROJETO.X\CALCULATOR_OPERATION_HEADER.INC 62 : Using default destination of 1 (file).
Message[305] C:\USERS\SOUZA\MPLABXPROJECTS\PROJETO.X\CALCULATOR_OPERATION_HEADER.INC 67 : Using default destination of 1 (file).
Message[305] C:\USERS\SOUZA\MPLABXPROJECTS\PROJETO.X\CALCULATOR_OPERATION_HEADER.INC 72 : Using default destination of 1 (file).
Message[305] C:\USERS\SOUZA\MPLABXPROJECTS\PROJETO.X\CALCULATOR_OPERATION_HEADER.INC 77 : Using default destination of 1 (file).
Message[305] C:\USERS\SOUZA\MPLABXPROJECTS\PROJETO.X\CALCULATOR_OPERATION_HEADER.INC 82 : Using default destination of 1 (file).
Warning[203] C:\USERS\SOUZA\MPLABXPROJECTS\PROJETO.X\CALCULATOR_OPERATION_HEADER.INC 86 : Found opcode in column 1. (MOVF)
Warning[203] C:\USERS\SOUZA\MPLABXPROJECTS\PROJETO.X\CALCULATOR_OPERATION_HEADER.INC 87 : Found opcode in column 1. (ADDWF)
Warning[203] C:\USERS\SOUZA\MPLABXPROJECTS\PROJETO.X\CALCULATOR_OPERATION_HEADER.INC 88 : Found opcode in column 1. (ADDWF)
Warning[203] C:\USERS\SOUZA\MPLABXPROJECTS\PROJETO.X\CALCULATOR_OPERATION_HEADER.INC 89 : Found opcode in column 1. (MOVWF)
Warning[206] C:\USERS\SOUZA\MPLABXPROJECTS\PROJETO.X\CALCULATOR_OPERATION_HEADER.INC 90 : Found call to macro in column 1. (CMP)
Message[305] C:\USERS\SOUZA\MPLABXPROJECTS\PROJETO.X\GENERAL_USE_HEADER.INC 68 : Using default destination of 1 (file).
Message[305] C:\USERS\SOUZA\MPLABXPROJECTS\PROJETO.X\GENERAL_USE_HEADER.INC 69 : Using default destination of 1 (file).
Warning[206] C:\USERS\SOUZA\MPLABXPROJECTS\PROJETO.X\CALCULATOR_OPERATION_HEADER.INC 92 : Found call to macro in column 1. (CMP)
Message[305] C:\USERS\SOUZA\MPLABXPROJECTS\PROJETO.X\GENERAL_USE_HEADER.INC 68 : Using default destination of 1 (file).
Message[305] C:\USERS\SOUZA\MPLABXPROJECTS\PROJETO.X\GENERAL_USE_HEADER.INC 69 : Using default destination of 1 (file).
Warning[206] C:\USERS\SOUZA\MPLABXPROJECTS\PROJETO.X\CALCULATOR_OPERATION_HEADER.INC 94 : Found call to macro in column 1. (CMP)
Message[305] C:\USERS\SOUZA\MPLABXPROJECTS\PROJETO.X\GENERAL_USE_HEADER.INC 68 : Using default destination of 1 (file).
Message[305] C:\USERS\SOUZA\MPLABXPROJECTS\PROJETO.X\GENERAL_USE_HEADER.INC 69 : Using default destination of 1 (file).
Warning[206] C:\USERS\SOUZA\MPLABXPROJECTS\PROJETO.X\CALCULATOR_OPERATION_HEADER.INC 96 : Found call to macro in column 1. (CMP)
Message[305] C:\USERS\SOUZA\MPLABXPROJECTS\PROJETO.X\GENERAL_USE_HEADER.INC 68 : Using default destination of 1 (file).
Message[305] C:\USERS\SOUZA\MPLABXPROJECTS\PROJETO.X\GENERAL_USE_HEADER.INC 69 : Using default destination of 1 (file).
Warning[206] C:\USERS\SOUZA\MPLABXPROJECTS\PROJETO.X\CALCULATOR_OPERATION_HEADER.INC 98 : Found call to macro in column 1. (CMP)
Message[305] C:\USERS\SOUZA\MPLABXPROJECTS\PROJETO.X\GENERAL_USE_HEADER.INC 68 : Using default destination of 1 (file).
Message[305] C:\USERS\SOUZA\MPLABXPROJECTS\PROJETO.X\GENERAL_USE_HEADER.INC 69 : Using default destination of 1 (file).
Warning[206] C:\USERS\SOUZA\MPLABXPROJECTS\PROJETO.X\CALCULATOR_OPERATION_HEADER.INC 100 : Found call to macro in column 1. (CMP)
Message[305] C:\USERS\SOUZA\MPLABXPROJECTS\PROJETO.X\GENERAL_USE_HEADER.INC 68 : Using default destination of 1 (file).
Message[305] C:\USERS\SOUZA\MPLABXPROJECTS\PROJETO.X\GENERAL_USE_HEADER.INC 69 : Using default destination of 1 (file).
Warning[206] C:\USERS\SOUZA\MPLABXPROJECTS\PROJETO.X\CALCULATOR_OPERATION_HEADER.INC 102 : Found call to macro in column 1. (CMP)
Message[305] C:\USERS\SOUZA\MPLABXPROJECTS\PROJETO.X\GENERAL_USE_HEADER.INC 68 : Using default destination of 1 (file).
Message[305] C:\USERS\SOUZA\MPLABXPROJECTS\PROJETO.X\GENERAL_USE_HEADER.INC 69 : Using default destination of 1 (file).
Warning[206] C:\USERS\SOUZA\MPLABXPROJECTS\PROJETO.X\CALCULATOR_OPERATION_HEADER.INC 104 : Found call to macro in column 1. (CMP)
Message[305] C:\USERS\SOUZA\MPLABXPROJECTS\PROJETO.X\GENERAL_USE_HEADER.INC 68 : Using default destination of 1 (file).
Message[305] C:\USERS\SOUZA\MPLABXPROJECTS\PROJETO.X\GENERAL_USE_HEADER.INC 69 : Using default destination of 1 (file).
Warning[206] C:\USERS\SOUZA\MPLABXPROJECTS\PROJETO.X\CALCULATOR_OPERATION_HEADER.INC 106 : Found call to macro in column 1. (CMP)
Message[305] C:\USERS\SOUZA\MPLABXPROJECTS\PROJETO.X\GENERAL_USE_HEADER.INC 68 : Using default destination of 1 (file).
Message[305] C:\USERS\SOUZA\MPLABXPROJECTS\PROJETO.X\GENERAL_USE_HEADER.INC 69 : Using default destination of 1 (file).
Warning[206] C:\USERS\SOUZA\MPLABXPROJECTS\PROJETO.X\CALCULATOR_OPERATION_HEADER.INC 108 : Found call to macro in column 1. (CMP)
Message[305] C:\USERS\SOUZA\MPLABXPROJECTS\PROJETO.X\GENERAL_USE_HEADER.INC 68 : Using default destination of 1 (file).
Message[305] C:\USERS\SOUZA\MPLABXPROJECTS\PROJETO.X\GENERAL_USE_HEADER.INC 69 : Using default destination of 1 (file).
Message[305] C:\USERS\SOUZA\MPLABXPROJECTS\PROJETO.X\CALCULATOR_OPERATION_HEADER.INC 113 : Using default destination of 1 (file).
Message[305] C:\USERS\SOUZA\MPLABXPROJECTS\PROJETO.X\CALCULATOR_OPERATION_HEADER.INC 118 : Using default destination of 1 (file).
Message[305] C:\USERS\SOUZA\MPLABXPROJECTS\PROJETO.X\CALCULATOR_OPERATION_HEADER.INC 123 : Using default destination of 1 (file).
Message[305] C:\USERS\SOUZA\MPLABXPROJECTS\PROJETO.X\CALCULATOR_OPERATION_HEADER.INC 128 : Using default destination of 1 (file).
Message[305] C:\USERS\SOUZA\MPLABXPROJECTS\PROJETO.X\CALCULATOR_OPERATION_HEADER.INC 133 : Using default destination of 1 (file).
Message[305] C:\USERS\SOUZA\MPLABXPROJECTS\PROJETO.X\CALCULATOR_OPERATION_HEADER.INC 138 : Using default destination of 1 (file).
Message[305] C:\USERS\SOUZA\MPLABXPROJECTS\PROJETO.X\CALCULATOR_OPERATION_HEADER.INC 143 : Using default destination of 1 (file).
Message[305] C:\USERS\SOUZA\MPLABXPROJECTS\PROJETO.X\CALCULATOR_OPERATION_HEADER.INC 148 : Using default destination of 1 (file).
Message[305] C:\USERS\SOUZA\MPLABXPROJECTS\PROJETO.X\CALCULATOR_OPERATION_HEADER.INC 153 : Using default destination of 1 (file).
Message[305] C:\USERS\SOUZA\MPLABXPROJECTS\PROJETO.X\CALCULATOR_OPERATION_HEADER.INC 158 : Using default destination of 1 (file).
Warning[203] C:\USERS\SOUZA\MPLABXPROJECTS\PROJETO.X\CALCULATOR_OPERATION_HEADER.INC 162 : Found opcode in column 1. (RETURN)
Warning[207] C:\USERS\SOUZA\MPLABXPROJECTS\PROJETO.X\CALCULATOR_OPERATION_HEADER.INC 205 : Found label after column 1. (OPERATOR_MULTI)
Message[305] C:\USERS\SOUZA\MPLABXPROJECTS\PROJETO.X\GENERAL_USE_HEADER.INC 68 : Using default destination of 1 (file).
Message[305] C:\USERS\SOUZA\MPLABXPROJECTS\PROJETO.X\GENERAL_USE_HEADER.INC 69 : Using default destination of 1 (file).
Warning[207] C:\USERS\SOUZA\MPLABXPROJECTS\PROJETO.X\CALCULATOR_OPERATION_HEADER.INC 208 : Found label after column 1. (DEZENA_1_ZERO)
Message[305] C:\USERS\SOUZA\MPLABXPROJECTS\PROJETO.X\GENERAL_USE_HEADER.INC 68 : Using default destination of 1 (file).
Message[305] C:\USERS\SOUZA\MPLABXPROJECTS\PROJETO.X\GENERAL_USE_HEADER.INC 69 : Using default destination of 1 (file).
Warning[207] C:\USERS\SOUZA\MPLABXPROJECTS\PROJETO.X\CALCULATOR_OPERATION_HEADER.INC 211 : Found label after column 1. (DEZENA_1_ZERO_D2_ZERO)
Message[305] C:\USERS\SOUZA\MPLABXPROJECTS\PROJETO.X\GENERAL_USE_HEADER.INC 68 : Using default destination of 1 (file).
Message[305] C:\USERS\SOUZA\MPLABXPROJECTS\PROJETO.X\GENERAL_USE_HEADER.INC 69 : Using default destination of 1 (file).
Warning[207] C:\USERS\SOUZA\MPLABXPROJECTS\PROJETO.X\CALCULATOR_OPERATION_HEADER.INC 214 : Found label after column 1. (DEZENA_1_ZERO_D2_ZERO_U1_ZERO)
Warning[207] C:\USERS\SOUZA\MPLABXPROJECTS\PROJETO.X\CALCULATOR_OPERATION_HEADER.INC 217 : Found label after column 1. (DEZENA_1_ZERO_D2_ZERO_U1_OK)
Message[305] C:\USERS\SOUZA\MPLABXPROJECTS\PROJETO.X\GENERAL_USE_HEADER.INC 68 : Using default destination of 1 (file).
Message[305] C:\USERS\SOUZA\MPLABXPROJECTS\PROJETO.X\GENERAL_USE_HEADER.INC 69 : Using default destination of 1 (file).
Warning[207] C:\USERS\SOUZA\MPLABXPROJECTS\PROJETO.X\CALCULATOR_OPERATION_HEADER.INC 220 : Found label after column 1. (DEZENA_1_ZERO_D2_ZERO_U1_OK_U2_ZERO)
Warning[208] C:\USERS\SOUZA\MPLABXPROJECTS\PROJETO.X\CALCULATOR_OPERATION_HEADER.INC 220 : Label truncated at 32 characters. (DEZENA_1_ZERO_D2_ZERO_U1_OK_U2_ZERO)
Warning[207] C:\USERS\SOUZA\MPLABXPROJECTS\PROJETO.X\CALCULATOR_OPERATION_HEADER.INC 223 : Found label after column 1. (DEZENA_1_ZERO_D2_ZERO_U1_OK_U2_OK)
Warning[208] C:\USERS\SOUZA\MPLABXPROJECTS\PROJETO.X\CALCULATOR_OPERATION_HEADER.INC 223 : Label truncated at 32 characters. (DEZENA_1_ZERO_D2_ZERO_U1_OK_U2_OK)
Warning[207] C:\USERS\SOUZA\MPLABXPROJECTS\PROJETO.X\CALCULATOR_OPERATION_HEADER.INC 227 : Found label after column 1. (DEZENA_1_ZERO_D2_OK)
Message[305] C:\USERS\SOUZA\MPLABXPROJECTS\PROJETO.X\GENERAL_USE_HEADER.INC 68 : Using default destination of 1 (file).
Message[305] C:\USERS\SOUZA\MPLABXPROJECTS\PROJETO.X\GENERAL_USE_HEADER.INC 69 : Using default destination of 1 (file).
Warning[207] C:\USERS\SOUZA\MPLABXPROJECTS\PROJETO.X\CALCULATOR_OPERATION_HEADER.INC 230 : Found label after column 1. (DEZENA_1_ZERO_D2_OK_U1_ZERO)
Warning[207] C:\USERS\SOUZA\MPLABXPROJECTS\PROJETO.X\CALCULATOR_OPERATION_HEADER.INC 233 : Found label after column 1. (DEZENA_1_ZERO_D2_OK_U1_OK)
Message[305] C:\USERS\SOUZA\MPLABXPROJECTS\PROJETO.X\GENERAL_USE_HEADER.INC 68 : Using default destination of 1 (file).
Message[305] C:\USERS\SOUZA\MPLABXPROJECTS\PROJETO.X\GENERAL_USE_HEADER.INC 69 : Using default destination of 1 (file).
Warning[207] C:\USERS\SOUZA\MPLABXPROJECTS\PROJETO.X\CALCULATOR_OPERATION_HEADER.INC 236 : Found label after column 1. (DEZENA_1_ZERO_D2_OK_U1_OK_U2_ZERO)
Warning[208] C:\USERS\SOUZA\MPLABXPROJECTS\PROJETO.X\CALCULATOR_OPERATION_HEADER.INC 236 : Label truncated at 32 characters. (DEZENA_1_ZERO_D2_OK_U1_OK_U2_ZERO)
Warning[207] C:\USERS\SOUZA\MPLABXPROJECTS\PROJETO.X\CALCULATOR_OPERATION_HEADER.INC 240 : Found label after column 1. (DEZENA_1_ZERO_D2_OK_U1_OK_U2_OK)
Warning[207] C:\USERS\SOUZA\MPLABXPROJECTS\PROJETO.X\CALCULATOR_OPERATION_HEADER.INC 245 : Found label after column 1. (DEZENA_1_OK)
Message[305] C:\USERS\SOUZA\MPLABXPROJECTS\PROJETO.X\GENERAL_USE_HEADER.INC 68 : Using default destination of 1 (file).
Message[305] C:\USERS\SOUZA\MPLABXPROJECTS\PROJETO.X\GENERAL_USE_HEADER.INC 69 : Using default destination of 1 (file).
Warning[207] C:\USERS\SOUZA\MPLABXPROJECTS\PROJETO.X\CALCULATOR_OPERATION_HEADER.INC 248 : Found label after column 1. (DEZENA_1_OK_D2_ZERO)
Message[305] C:\USERS\SOUZA\MPLABXPROJECTS\PROJETO.X\GENERAL_USE_HEADER.INC 68 : Using default destination of 1 (file).
Message[305] C:\USERS\SOUZA\MPLABXPROJECTS\PROJETO.X\GENERAL_USE_HEADER.INC 69 : Using default destination of 1 (file).
Warning[207] C:\USERS\SOUZA\MPLABXPROJECTS\PROJETO.X\CALCULATOR_OPERATION_HEADER.INC 251 : Found label after column 1. (DEZENA_1_OK_D2_ZERO_U1_ZERO)
Message[305] C:\USERS\SOUZA\MPLABXPROJECTS\PROJETO.X\GENERAL_USE_HEADER.INC 68 : Using default destination of 1 (file).
Message[305] C:\USERS\SOUZA\MPLABXPROJECTS\PROJETO.X\GENERAL_USE_HEADER.INC 69 : Using default destination of 1 (file).
Warning[207] C:\USERS\SOUZA\MPLABXPROJECTS\PROJETO.X\CALCULATOR_OPERATION_HEADER.INC 254 : Found label after column 1. (DEZENA_1_OK_D2_ZERO_U1_ZERO_U2_OK)
Warning[208] C:\USERS\SOUZA\MPLABXPROJECTS\PROJETO.X\CALCULATOR_OPERATION_HEADER.INC 254 : Label truncated at 32 characters. (DEZENA_1_OK_D2_ZERO_U1_ZERO_U2_OK)
Warning[207] C:\USERS\SOUZA\MPLABXPROJECTS\PROJETO.X\CALCULATOR_OPERATION_HEADER.INC 258 : Found label after column 1. (DEZENA_1_OK_D2_ZERO_U1_OK)
Message[305] C:\USERS\SOUZA\MPLABXPROJECTS\PROJETO.X\GENERAL_USE_HEADER.INC 68 : Using default destination of 1 (file).
Message[305] C:\USERS\SOUZA\MPLABXPROJECTS\PROJETO.X\GENERAL_USE_HEADER.INC 69 : Using default destination of 1 (file).
Warning[207] C:\USERS\SOUZA\MPLABXPROJECTS\PROJETO.X\CALCULATOR_OPERATION_HEADER.INC 261 : Found label after column 1. (DEZENA_1_OK_D2_ZERO_U1_OK_U2_OK)
Warning[207] C:\USERS\SOUZA\MPLABXPROJECTS\PROJETO.X\CALCULATOR_OPERATION_HEADER.INC 265 : Found label after column 1. (DEZENA_1_OK_D2_OK)
Message[305] C:\USERS\SOUZA\MPLABXPROJECTS\PROJETO.X\GENERAL_USE_HEADER.INC 68 : Using default destination of 1 (file).
Message[305] C:\USERS\SOUZA\MPLABXPROJECTS\PROJETO.X\GENERAL_USE_HEADER.INC 69 : Using default destination of 1 (file).
Warning[207] C:\USERS\SOUZA\MPLABXPROJECTS\PROJETO.X\CALCULATOR_OPERATION_HEADER.INC 268 : Found label after column 1. (DEZENA_1_OK_D2_OK_U1_ZERO)
Message[305] C:\USERS\SOUZA\MPLABXPROJECTS\PROJETO.X\GENERAL_USE_HEADER.INC 68 : Using default destination of 1 (file).
Message[305] C:\USERS\SOUZA\MPLABXPROJECTS\PROJETO.X\GENERAL_USE_HEADER.INC 69 : Using default destination of 1 (file).
Warning[207] C:\USERS\SOUZA\MPLABXPROJECTS\PROJETO.X\CALCULATOR_OPERATION_HEADER.INC 271 : Found label after column 1. (DEZENA_1_OK_D2_OK_U1_ZERO_U2_ZERO)
Warning[208] C:\USERS\SOUZA\MPLABXPROJECTS\PROJETO.X\CALCULATOR_OPERATION_HEADER.INC 271 : Label truncated at 32 characters. (DEZENA_1_OK_D2_OK_U1_ZERO_U2_ZERO)
Warning[207] C:\USERS\SOUZA\MPLABXPROJECTS\PROJETO.X\CALCULATOR_OPERATION_HEADER.INC 275 : Found label after column 1. (DEZENA_1_OK_D2_OK_U1_ZERO_U2_OK)
Warning[207] C:\USERS\SOUZA\MPLABXPROJECTS\PROJETO.X\CALCULATOR_OPERATION_HEADER.INC 280 : Found label after column 1. (DEZENA_1_OK_D2_OK_U1_OK)
Message[305] C:\USERS\SOUZA\MPLABXPROJECTS\PROJETO.X\GENERAL_USE_HEADER.INC 68 : Using default destination of 1 (file).
Message[305] C:\USERS\SOUZA\MPLABXPROJECTS\PROJETO.X\GENERAL_USE_HEADER.INC 69 : Using default destination of 1 (file).
Warning[207] C:\USERS\SOUZA\MPLABXPROJECTS\PROJETO.X\CALCULATOR_OPERATION_HEADER.INC 283 : Found label after column 1. (DEZENA_1_OK_D2_OK_U1_OK_U2_ZERO)
Warning[207] C:\USERS\SOUZA\MPLABXPROJECTS\PROJETO.X\CALCULATOR_OPERATION_HEADER.INC 288 : Found label after column 1. (DEZENA_1_OK_D2_OK_U1_OK_U2_OK)
Warning[207] C:\USERS\SOUZA\MPLABXPROJECTS\PROJETO.X\CALCULATOR_OPERATION_HEADER.INC 307 : Found label after column 1. (LOOP_UNIDADE)
Warning[206] C:\USERS\SOUZA\MPLABXPROJECTS\PROJETO.X\CALCULATOR_OPERATION_HEADER.INC 313 : Found call to macro in column 1. (CMP)
Message[305] C:\USERS\SOUZA\MPLABXPROJECTS\PROJETO.X\GENERAL_USE_HEADER.INC 68 : Using default destination of 1 (file).
Message[305] C:\USERS\SOUZA\MPLABXPROJECTS\PROJETO.X\GENERAL_USE_HEADER.INC 69 : Using default destination of 1 (file).
Warning[206] C:\USERS\SOUZA\MPLABXPROJECTS\PROJETO.X\CALCULATOR_OPERATION_HEADER.INC 315 : Found call to macro in column 1. (CMP)
Message[305] C:\USERS\SOUZA\MPLABXPROJECTS\PROJETO.X\GENERAL_USE_HEADER.INC 68 : Using default destination of 1 (file).
Message[305] C:\USERS\SOUZA\MPLABXPROJECTS\PROJETO.X\GENERAL_USE_HEADER.INC 69 : Using default destination of 1 (file).
Warning[206] C:\USERS\SOUZA\MPLABXPROJECTS\PROJETO.X\CALCULATOR_OPERATION_HEADER.INC 317 : Found call to macro in column 1. (CMP)
Message[305] C:\USERS\SOUZA\MPLABXPROJECTS\PROJETO.X\GENERAL_USE_HEADER.INC 68 : Using default destination of 1 (file).
Message[305] C:\USERS\SOUZA\MPLABXPROJECTS\PROJETO.X\GENERAL_USE_HEADER.INC 69 : Using default destination of 1 (file).
Warning[206] C:\USERS\SOUZA\MPLABXPROJECTS\PROJETO.X\CALCULATOR_OPERATION_HEADER.INC 319 : Found call to macro in column 1. (CMP)
Message[305] C:\USERS\SOUZA\MPLABXPROJECTS\PROJETO.X\GENERAL_USE_HEADER.INC 68 : Using default destination of 1 (file).
Message[305] C:\USERS\SOUZA\MPLABXPROJECTS\PROJETO.X\GENERAL_USE_HEADER.INC 69 : Using default destination of 1 (file).
Warning[206] C:\USERS\SOUZA\MPLABXPROJECTS\PROJETO.X\CALCULATOR_OPERATION_HEADER.INC 321 : Found call to macro in column 1. (CMP)
Message[305] C:\USERS\SOUZA\MPLABXPROJECTS\PROJETO.X\GENERAL_USE_HEADER.INC 68 : Using default destination of 1 (file).
Message[305] C:\USERS\SOUZA\MPLABXPROJECTS\PROJETO.X\GENERAL_USE_HEADER.INC 69 : Using default destination of 1 (file).
Warning[206] C:\USERS\SOUZA\MPLABXPROJECTS\PROJETO.X\CALCULATOR_OPERATION_HEADER.INC 323 : Found call to macro in column 1. (CMP)
Message[305] C:\USERS\SOUZA\MPLABXPROJECTS\PROJETO.X\GENERAL_USE_HEADER.INC 68 : Using default destination of 1 (file).
Message[305] C:\USERS\SOUZA\MPLABXPROJECTS\PROJETO.X\GENERAL_USE_HEADER.INC 69 : Using default destination of 1 (file).
Warning[206] C:\USERS\SOUZA\MPLABXPROJECTS\PROJETO.X\CALCULATOR_OPERATION_HEADER.INC 325 : Found call to macro in column 1. (CMP)
Message[305] C:\USERS\SOUZA\MPLABXPROJECTS\PROJETO.X\GENERAL_USE_HEADER.INC 68 : Using default destination of 1 (file).
Message[305] C:\USERS\SOUZA\MPLABXPROJECTS\PROJETO.X\GENERAL_USE_HEADER.INC 69 : Using default destination of 1 (file).
Warning[206] C:\USERS\SOUZA\MPLABXPROJECTS\PROJETO.X\CALCULATOR_OPERATION_HEADER.INC 327 : Found call to macro in column 1. (CMP)
Message[305] C:\USERS\SOUZA\MPLABXPROJECTS\PROJETO.X\GENERAL_USE_HEADER.INC 68 : Using default destination of 1 (file).
Message[305] C:\USERS\SOUZA\MPLABXPROJECTS\PROJETO.X\GENERAL_USE_HEADER.INC 69 : Using default destination of 1 (file).
Warning[206] C:\USERS\SOUZA\MPLABXPROJECTS\PROJETO.X\CALCULATOR_OPERATION_HEADER.INC 329 : Found call to macro in column 1. (CMP)
Message[305] C:\USERS\SOUZA\MPLABXPROJECTS\PROJETO.X\GENERAL_USE_HEADER.INC 68 : Using default destination of 1 (file).
Message[305] C:\USERS\SOUZA\MPLABXPROJECTS\PROJETO.X\GENERAL_USE_HEADER.INC 69 : Using default destination of 1 (file).
Message[305] C:\USERS\SOUZA\MPLABXPROJECTS\PROJETO.X\CALCULATOR_OPERATION_HEADER.INC 334 : Using default destination of 1 (file).
Message[305] C:\USERS\SOUZA\MPLABXPROJECTS\PROJETO.X\CALCULATOR_OPERATION_HEADER.INC 339 : Using default destination of 1 (file).
Message[305] C:\USERS\SOUZA\MPLABXPROJECTS\PROJETO.X\CALCULATOR_OPERATION_HEADER.INC 344 : Using default destination of 1 (file).
Message[305] C:\USERS\SOUZA\MPLABXPROJECTS\PROJETO.X\CALCULATOR_OPERATION_HEADER.INC 349 : Using default destination of 1 (file).
Message[305] C:\USERS\SOUZA\MPLABXPROJECTS\PROJETO.X\CALCULATOR_OPERATION_HEADER.INC 354 : Using default destination of 1 (file).
Message[305] C:\USERS\SOUZA\MPLABXPROJECTS\PROJETO.X\CALCULATOR_OPERATION_HEADER.INC 359 : Using default destination of 1 (file).
Message[305] C:\USERS\SOUZA\MPLABXPROJECTS\PROJETO.X\CALCULATOR_OPERATION_HEADER.INC 364 : Using default destination of 1 (file).
Message[305] C:\USERS\SOUZA\MPLABXPROJECTS\PROJETO.X\CALCULATOR_OPERATION_HEADER.INC 369 : Using default destination of 1 (file).
Message[305] C:\USERS\SOUZA\MPLABXPROJECTS\PROJETO.X\CALCULATOR_OPERATION_HEADER.INC 374 : Using default destination of 1 (file).
Message[305] C:\USERS\SOUZA\MPLABXPROJECTS\PROJETO.X\CALCULATOR_OPERATION_HEADER.INC 378 : Using default destination of 1 (file).
Warning[207] C:\USERS\SOUZA\MPLABXPROJECTS\PROJETO.X\CALCULATOR_OPERATION_HEADER.INC 384 : Found label after column 1. (LOOP_DEZENA_P1)
Warning[206] C:\USERS\SOUZA\MPLABXPROJECTS\PROJETO.X\CALCULATOR_OPERATION_HEADER.INC 390 : Found call to macro in column 1. (CMP)
Message[305] C:\USERS\SOUZA\MPLABXPROJECTS\PROJETO.X\GENERAL_USE_HEADER.INC 68 : Using default destination of 1 (file).
Message[305] C:\USERS\SOUZA\MPLABXPROJECTS\PROJETO.X\GENERAL_USE_HEADER.INC 69 : Using default destination of 1 (file).
Warning[206] C:\USERS\SOUZA\MPLABXPROJECTS\PROJETO.X\CALCULATOR_OPERATION_HEADER.INC 392 : Found call to macro in column 1. (CMP)
Message[305] C:\USERS\SOUZA\MPLABXPROJECTS\PROJETO.X\GENERAL_USE_HEADER.INC 68 : Using default destination of 1 (file).
Message[305] C:\USERS\SOUZA\MPLABXPROJECTS\PROJETO.X\GENERAL_USE_HEADER.INC 69 : Using default destination of 1 (file).
Warning[206] C:\USERS\SOUZA\MPLABXPROJECTS\PROJETO.X\CALCULATOR_OPERATION_HEADER.INC 394 : Found call to macro in column 1. (CMP)
Message[305] C:\USERS\SOUZA\MPLABXPROJECTS\PROJETO.X\GENERAL_USE_HEADER.INC 68 : Using default destination of 1 (file).
Message[305] C:\USERS\SOUZA\MPLABXPROJECTS\PROJETO.X\GENERAL_USE_HEADER.INC 69 : Using default destination of 1 (file).
Warning[206] C:\USERS\SOUZA\MPLABXPROJECTS\PROJETO.X\CALCULATOR_OPERATION_HEADER.INC 396 : Found call to macro in column 1. (CMP)
Message[305] C:\USERS\SOUZA\MPLABXPROJECTS\PROJETO.X\GENERAL_USE_HEADER.INC 68 : Using default destination of 1 (file).
Message[305] C:\USERS\SOUZA\MPLABXPROJECTS\PROJETO.X\GENERAL_USE_HEADER.INC 69 : Using default destination of 1 (file).
Warning[206] C:\USERS\SOUZA\MPLABXPROJECTS\PROJETO.X\CALCULATOR_OPERATION_HEADER.INC 398 : Found call to macro in column 1. (CMP)
Message[305] C:\USERS\SOUZA\MPLABXPROJECTS\PROJETO.X\GENERAL_USE_HEADER.INC 68 : Using default destination of 1 (file).
Message[305] C:\USERS\SOUZA\MPLABXPROJECTS\PROJETO.X\GENERAL_USE_HEADER.INC 69 : Using default destination of 1 (file).
Warning[206] C:\USERS\SOUZA\MPLABXPROJECTS\PROJETO.X\CALCULATOR_OPERATION_HEADER.INC 400 : Found call to macro in column 1. (CMP)
Message[305] C:\USERS\SOUZA\MPLABXPROJECTS\PROJETO.X\GENERAL_USE_HEADER.INC 68 : Using default destination of 1 (file).
Message[305] C:\USERS\SOUZA\MPLABXPROJECTS\PROJETO.X\GENERAL_USE_HEADER.INC 69 : Using default destination of 1 (file).
Warning[206] C:\USERS\SOUZA\MPLABXPROJECTS\PROJETO.X\CALCULATOR_OPERATION_HEADER.INC 402 : Found call to macro in column 1. (CMP)
Message[305] C:\USERS\SOUZA\MPLABXPROJECTS\PROJETO.X\GENERAL_USE_HEADER.INC 68 : Using default destination of 1 (file).
Message[305] C:\USERS\SOUZA\MPLABXPROJECTS\PROJETO.X\GENERAL_USE_HEADER.INC 69 : Using default destination of 1 (file).
Warning[206] C:\USERS\SOUZA\MPLABXPROJECTS\PROJETO.X\CALCULATOR_OPERATION_HEADER.INC 404 : Found call to macro in column 1. (CMP)
Message[305] C:\USERS\SOUZA\MPLABXPROJECTS\PROJETO.X\GENERAL_USE_HEADER.INC 68 : Using default destination of 1 (file).
Message[305] C:\USERS\SOUZA\MPLABXPROJECTS\PROJETO.X\GENERAL_USE_HEADER.INC 69 : Using default destination of 1 (file).
Warning[206] C:\USERS\SOUZA\MPLABXPROJECTS\PROJETO.X\CALCULATOR_OPERATION_HEADER.INC 406 : Found call to macro in column 1. (CMP)
Message[305] C:\USERS\SOUZA\MPLABXPROJECTS\PROJETO.X\GENERAL_USE_HEADER.INC 68 : Using default destination of 1 (file).
Message[305] C:\USERS\SOUZA\MPLABXPROJECTS\PROJETO.X\GENERAL_USE_HEADER.INC 69 : Using default destination of 1 (file).
Warning[206] C:\USERS\SOUZA\MPLABXPROJECTS\PROJETO.X\CALCULATOR_OPERATION_HEADER.INC 408 : Found call to macro in column 1. (CMP)
Message[305] C:\USERS\SOUZA\MPLABXPROJECTS\PROJETO.X\GENERAL_USE_HEADER.INC 68 : Using default destination of 1 (file).
Message[305] C:\USERS\SOUZA\MPLABXPROJECTS\PROJETO.X\GENERAL_USE_HEADER.INC 69 : Using default destination of 1 (file).
Message[305] C:\USERS\SOUZA\MPLABXPROJECTS\PROJETO.X\CALCULATOR_OPERATION_HEADER.INC 413 : Using default destination of 1 (file).
Message[305] C:\USERS\SOUZA\MPLABXPROJECTS\PROJETO.X\CALCULATOR_OPERATION_HEADER.INC 418 : Using default destination of 1 (file).
Message[305] C:\USERS\SOUZA\MPLABXPROJECTS\PROJETO.X\CALCULATOR_OPERATION_HEADER.INC 423 : Using default destination of 1 (file).
Message[305] C:\USERS\SOUZA\MPLABXPROJECTS\PROJETO.X\CALCULATOR_OPERATION_HEADER.INC 428 : Using default destination of 1 (file).
Message[305] C:\USERS\SOUZA\MPLABXPROJECTS\PROJETO.X\CALCULATOR_OPERATION_HEADER.INC 433 : Using default destination of 1 (file).
Message[305] C:\USERS\SOUZA\MPLABXPROJECTS\PROJETO.X\CALCULATOR_OPERATION_HEADER.INC 438 : Using default destination of 1 (file).
Message[305] C:\USERS\SOUZA\MPLABXPROJECTS\PROJETO.X\CALCULATOR_OPERATION_HEADER.INC 443 : Using default destination of 1 (file).
Message[305] C:\USERS\SOUZA\MPLABXPROJECTS\PROJETO.X\CALCULATOR_OPERATION_HEADER.INC 448 : Using default destination of 1 (file).
Message[305] C:\USERS\SOUZA\MPLABXPROJECTS\PROJETO.X\CALCULATOR_OPERATION_HEADER.INC 453 : Using default destination of 1 (file).
Message[305] C:\USERS\SOUZA\MPLABXPROJECTS\PROJETO.X\CALCULATOR_OPERATION_HEADER.INC 458 : Using default destination of 1 (file).
Warning[206] C:\USERS\SOUZA\MPLABXPROJECTS\PROJETO.X\CALCULATOR_OPERATION_HEADER.INC 461 : Found call to macro in column 1. (CMP)
Message[305] C:\USERS\SOUZA\MPLABXPROJECTS\PROJETO.X\GENERAL_USE_HEADER.INC 68 : Using default destination of 1 (file).
Message[305] C:\USERS\SOUZA\MPLABXPROJECTS\PROJETO.X\GENERAL_USE_HEADER.INC 69 : Using default destination of 1 (file).
Warning[206] C:\USERS\SOUZA\MPLABXPROJECTS\PROJETO.X\CALCULATOR_OPERATION_HEADER.INC 463 : Found call to macro in column 1. (CMP)
Message[305] C:\USERS\SOUZA\MPLABXPROJECTS\PROJETO.X\GENERAL_USE_HEADER.INC 68 : Using default destination of 1 (file).
Message[305] C:\USERS\SOUZA\MPLABXPROJECTS\PROJETO.X\GENERAL_USE_HEADER.INC 69 : Using default destination of 1 (file).
Warning[206] C:\USERS\SOUZA\MPLABXPROJECTS\PROJETO.X\CALCULATOR_OPERATION_HEADER.INC 465 : Found call to macro in column 1. (CMP)
Message[305] C:\USERS\SOUZA\MPLABXPROJECTS\PROJETO.X\GENERAL_USE_HEADER.INC 68 : Using default destination of 1 (file).
Message[305] C:\USERS\SOUZA\MPLABXPROJECTS\PROJETO.X\GENERAL_USE_HEADER.INC 69 : Using default destination of 1 (file).
Warning[206] C:\USERS\SOUZA\MPLABXPROJECTS\PROJETO.X\CALCULATOR_OPERATION_HEADER.INC 467 : Found call to macro in column 1. (CMP)
Message[305] C:\USERS\SOUZA\MPLABXPROJECTS\PROJETO.X\GENERAL_USE_HEADER.INC 68 : Using default destination of 1 (file).
Message[305] C:\USERS\SOUZA\MPLABXPROJECTS\PROJETO.X\GENERAL_USE_HEADER.INC 69 : Using default destination of 1 (file).
Warning[206] C:\USERS\SOUZA\MPLABXPROJECTS\PROJETO.X\CALCULATOR_OPERATION_HEADER.INC 469 : Found call to macro in column 1. (CMP)
Message[305] C:\USERS\SOUZA\MPLABXPROJECTS\PROJETO.X\GENERAL_USE_HEADER.INC 68 : Using default destination of 1 (file).
Message[305] C:\USERS\SOUZA\MPLABXPROJECTS\PROJETO.X\GENERAL_USE_HEADER.INC 69 : Using default destination of 1 (file).
Warning[206] C:\USERS\SOUZA\MPLABXPROJECTS\PROJETO.X\CALCULATOR_OPERATION_HEADER.INC 471 : Found call to macro in column 1. (CMP)
Message[305] C:\USERS\SOUZA\MPLABXPROJECTS\PROJETO.X\GENERAL_USE_HEADER.INC 68 : Using default destination of 1 (file).
Message[305] C:\USERS\SOUZA\MPLABXPROJECTS\PROJETO.X\GENERAL_USE_HEADER.INC 69 : Using default destination of 1 (file).
Warning[206] C:\USERS\SOUZA\MPLABXPROJECTS\PROJETO.X\CALCULATOR_OPERATION_HEADER.INC 473 : Found call to macro in column 1. (CMP)
Message[305] C:\USERS\SOUZA\MPLABXPROJECTS\PROJETO.X\GENERAL_USE_HEADER.INC 68 : Using default destination of 1 (file).
Message[305] C:\USERS\SOUZA\MPLABXPROJECTS\PROJETO.X\GENERAL_USE_HEADER.INC 69 : Using default destination of 1 (file).
Warning[206] C:\USERS\SOUZA\MPLABXPROJECTS\PROJETO.X\CALCULATOR_OPERATION_HEADER.INC 475 : Found call to macro in column 1. (CMP)
Message[305] C:\USERS\SOUZA\MPLABXPROJECTS\PROJETO.X\GENERAL_USE_HEADER.INC 68 : Using default destination of 1 (file).
Message[305] C:\USERS\SOUZA\MPLABXPROJECTS\PROJETO.X\GENERAL_USE_HEADER.INC 69 : Using default destination of 1 (file).
Warning[206] C:\USERS\SOUZA\MPLABXPROJECTS\PROJETO.X\CALCULATOR_OPERATION_HEADER.INC 477 : Found call to macro in column 1. (CMP)
Message[305] C:\USERS\SOUZA\MPLABXPROJECTS\PROJETO.X\GENERAL_USE_HEADER.INC 68 : Using default destination of 1 (file).
Message[305] C:\USERS\SOUZA\MPLABXPROJECTS\PROJETO.X\GENERAL_USE_HEADER.INC 69 : Using default destination of 1 (file).
Warning[206] C:\USERS\SOUZA\MPLABXPROJECTS\PROJETO.X\CALCULATOR_OPERATION_HEADER.INC 479 : Found call to macro in column 1. (CMP)
Message[305] C:\USERS\SOUZA\MPLABXPROJECTS\PROJETO.X\GENERAL_USE_HEADER.INC 68 : Using default destination of 1 (file).
Message[305] C:\USERS\SOUZA\MPLABXPROJECTS\PROJETO.X\GENERAL_USE_HEADER.INC 69 : Using default destination of 1 (file).
Message[305] C:\USERS\SOUZA\MPLABXPROJECTS\PROJETO.X\CALCULATOR_OPERATION_HEADER.INC 484 : Using default destination of 1 (file).
Message[305] C:\USERS\SOUZA\MPLABXPROJECTS\PROJETO.X\CALCULATOR_OPERATION_HEADER.INC 489 : Using default destination of 1 (file).
Message[305] C:\USERS\SOUZA\MPLABXPROJECTS\PROJETO.X\CALCULATOR_OPERATION_HEADER.INC 494 : Using default destination of 1 (file).
Message[305] C:\USERS\SOUZA\MPLABXPROJECTS\PROJETO.X\CALCULATOR_OPERATION_HEADER.INC 499 : Using default destination of 1 (file).
Message[305] C:\USERS\SOUZA\MPLABXPROJECTS\PROJETO.X\CALCULATOR_OPERATION_HEADER.INC 504 : Using default destination of 1 (file).
Message[305] C:\USERS\SOUZA\MPLABXPROJECTS\PROJETO.X\CALCULATOR_OPERATION_HEADER.INC 509 : Using default destination of 1 (file).
Message[305] C:\USERS\SOUZA\MPLABXPROJECTS\PROJETO.X\CALCULATOR_OPERATION_HEADER.INC 514 : Using default destination of 1 (file).
Message[305] C:\USERS\SOUZA\MPLABXPROJECTS\PROJETO.X\CALCULATOR_OPERATION_HEADER.INC 519 : Using default destination of 1 (file).
Message[305] C:\USERS\SOUZA\MPLABXPROJECTS\PROJETO.X\CALCULATOR_OPERATION_HEADER.INC 524 : Using default destination of 1 (file).
Message[305] C:\USERS\SOUZA\MPLABXPROJECTS\PROJETO.X\CALCULATOR_OPERATION_HEADER.INC 529 : Using default destination of 1 (file).
Message[305] C:\USERS\SOUZA\MPLABXPROJECTS\PROJETO.X\CALCULATOR_OPERATION_HEADER.INC 533 : Using default destination of 1 (file).
Warning[207] C:\USERS\SOUZA\MPLABXPROJECTS\PROJETO.X\CALCULATOR_OPERATION_HEADER.INC 539 : Found label after column 1. (LOOP_DEZENA_P2)
Warning[206] C:\USERS\SOUZA\MPLABXPROJECTS\PROJETO.X\CALCULATOR_OPERATION_HEADER.INC 546 : Found call to macro in column 1. (CMP)
Message[305] C:\USERS\SOUZA\MPLABXPROJECTS\PROJETO.X\GENERAL_USE_HEADER.INC 68 : Using default destination of 1 (file).
Message[305] C:\USERS\SOUZA\MPLABXPROJECTS\PROJETO.X\GENERAL_USE_HEADER.INC 69 : Using default destination of 1 (file).
Warning[206] C:\USERS\SOUZA\MPLABXPROJECTS\PROJETO.X\CALCULATOR_OPERATION_HEADER.INC 548 : Found call to macro in column 1. (CMP)
Message[305] C:\USERS\SOUZA\MPLABXPROJECTS\PROJETO.X\GENERAL_USE_HEADER.INC 68 : Using default destination of 1 (file).
Message[305] C:\USERS\SOUZA\MPLABXPROJECTS\PROJETO.X\GENERAL_USE_HEADER.INC 69 : Using default destination of 1 (file).
Warning[206] C:\USERS\SOUZA\MPLABXPROJECTS\PROJETO.X\CALCULATOR_OPERATION_HEADER.INC 550 : Found call to macro in column 1. (CMP)
Message[305] C:\USERS\SOUZA\MPLABXPROJECTS\PROJETO.X\GENERAL_USE_HEADER.INC 68 : Using default destination of 1 (file).
Message[305] C:\USERS\SOUZA\MPLABXPROJECTS\PROJETO.X\GENERAL_USE_HEADER.INC 69 : Using default destination of 1 (file).
Warning[206] C:\USERS\SOUZA\MPLABXPROJECTS\PROJETO.X\CALCULATOR_OPERATION_HEADER.INC 552 : Found call to macro in column 1. (CMP)
Message[305] C:\USERS\SOUZA\MPLABXPROJECTS\PROJETO.X\GENERAL_USE_HEADER.INC 68 : Using default destination of 1 (file).
Message[305] C:\USERS\SOUZA\MPLABXPROJECTS\PROJETO.X\GENERAL_USE_HEADER.INC 69 : Using default destination of 1 (file).
Warning[206] C:\USERS\SOUZA\MPLABXPROJECTS\PROJETO.X\CALCULATOR_OPERATION_HEADER.INC 554 : Found call to macro in column 1. (CMP)
Message[305] C:\USERS\SOUZA\MPLABXPROJECTS\PROJETO.X\GENERAL_USE_HEADER.INC 68 : Using default destination of 1 (file).
Message[305] C:\USERS\SOUZA\MPLABXPROJECTS\PROJETO.X\GENERAL_USE_HEADER.INC 69 : Using default destination of 1 (file).
Warning[206] C:\USERS\SOUZA\MPLABXPROJECTS\PROJETO.X\CALCULATOR_OPERATION_HEADER.INC 556 : Found call to macro in column 1. (CMP)
Message[305] C:\USERS\SOUZA\MPLABXPROJECTS\PROJETO.X\GENERAL_USE_HEADER.INC 68 : Using default destination of 1 (file).
Message[305] C:\USERS\SOUZA\MPLABXPROJECTS\PROJETO.X\GENERAL_USE_HEADER.INC 69 : Using default destination of 1 (file).
Warning[206] C:\USERS\SOUZA\MPLABXPROJECTS\PROJETO.X\CALCULATOR_OPERATION_HEADER.INC 558 : Found call to macro in column 1. (CMP)
Message[305] C:\USERS\SOUZA\MPLABXPROJECTS\PROJETO.X\GENERAL_USE_HEADER.INC 68 : Using default destination of 1 (file).
Message[305] C:\USERS\SOUZA\MPLABXPROJECTS\PROJETO.X\GENERAL_USE_HEADER.INC 69 : Using default destination of 1 (file).
Warning[206] C:\USERS\SOUZA\MPLABXPROJECTS\PROJETO.X\CALCULATOR_OPERATION_HEADER.INC 560 : Found call to macro in column 1. (CMP)
Message[305] C:\USERS\SOUZA\MPLABXPROJECTS\PROJETO.X\GENERAL_USE_HEADER.INC 68 : Using default destination of 1 (file).
Message[305] C:\USERS\SOUZA\MPLABXPROJECTS\PROJETO.X\GENERAL_USE_HEADER.INC 69 : Using default destination of 1 (file).
Warning[206] C:\USERS\SOUZA\MPLABXPROJECTS\PROJETO.X\CALCULATOR_OPERATION_HEADER.INC 562 : Found call to macro in column 1. (CMP)
Message[305] C:\USERS\SOUZA\MPLABXPROJECTS\PROJETO.X\GENERAL_USE_HEADER.INC 68 : Using default destination of 1 (file).
Message[305] C:\USERS\SOUZA\MPLABXPROJECTS\PROJETO.X\GENERAL_USE_HEADER.INC 69 : Using default destination of 1 (file).
Warning[206] C:\USERS\SOUZA\MPLABXPROJECTS\PROJETO.X\CALCULATOR_OPERATION_HEADER.INC 564 : Found call to macro in column 1. (CMP)
Message[305] C:\USERS\SOUZA\MPLABXPROJECTS\PROJETO.X\GENERAL_USE_HEADER.INC 68 : Using default destination of 1 (file).
Message[305] C:\USERS\SOUZA\MPLABXPROJECTS\PROJETO.X\GENERAL_USE_HEADER.INC 69 : Using default destination of 1 (file).
Message[305] C:\USERS\SOUZA\MPLABXPROJECTS\PROJETO.X\CALCULATOR_OPERATION_HEADER.INC 569 : Using default destination of 1 (file).
Message[305] C:\USERS\SOUZA\MPLABXPROJECTS\PROJETO.X\CALCULATOR_OPERATION_HEADER.INC 574 : Using default destination of 1 (file).
Message[305] C:\USERS\SOUZA\MPLABXPROJECTS\PROJETO.X\CALCULATOR_OPERATION_HEADER.INC 579 : Using default destination of 1 (file).
Message[305] C:\USERS\SOUZA\MPLABXPROJECTS\PROJETO.X\CALCULATOR_OPERATION_HEADER.INC 584 : Using default destination of 1 (file).
Message[305] C:\USERS\SOUZA\MPLABXPROJECTS\PROJETO.X\CALCULATOR_OPERATION_HEADER.INC 589 : Using default destination of 1 (file).
Message[305] C:\USERS\SOUZA\MPLABXPROJECTS\PROJETO.X\CALCULATOR_OPERATION_HEADER.INC 594 : Using default destination of 1 (file).
Message[305] C:\USERS\SOUZA\MPLABXPROJECTS\PROJETO.X\CALCULATOR_OPERATION_HEADER.INC 599 : Using default destination of 1 (file).
Message[305] C:\USERS\SOUZA\MPLABXPROJECTS\PROJETO.X\CALCULATOR_OPERATION_HEADER.INC 604 : Using default destination of 1 (file).
Message[305] C:\USERS\SOUZA\MPLABXPROJECTS\PROJETO.X\CALCULATOR_OPERATION_HEADER.INC 609 : Using default destination of 1 (file).
Message[305] C:\USERS\SOUZA\MPLABXPROJECTS\PROJETO.X\CALCULATOR_OPERATION_HEADER.INC 614 : Using default destination of 1 (file).
Warning[207] C:\USERS\SOUZA\MPLABXPROJECTS\PROJETO.X\CALCULATOR_OPERATION_HEADER.INC 616 : Found label after column 1. (KTESTA_CENTENA_2)
Warning[206] C:\USERS\SOUZA\MPLABXPROJECTS\PROJETO.X\CALCULATOR_OPERATION_HEADER.INC 617 : Found call to macro in column 1. (CMP)
Message[305] C:\USERS\SOUZA\MPLABXPROJECTS\PROJETO.X\GENERAL_USE_HEADER.INC 68 : Using default destination of 1 (file).
Message[305] C:\USERS\SOUZA\MPLABXPROJECTS\PROJETO.X\GENERAL_USE_HEADER.INC 69 : Using default destination of 1 (file).
Warning[206] C:\USERS\SOUZA\MPLABXPROJECTS\PROJETO.X\CALCULATOR_OPERATION_HEADER.INC 619 : Found call to macro in column 1. (CMP)
Message[305] C:\USERS\SOUZA\MPLABXPROJECTS\PROJETO.X\GENERAL_USE_HEADER.INC 68 : Using default destination of 1 (file).
Message[305] C:\USERS\SOUZA\MPLABXPROJECTS\PROJETO.X\GENERAL_USE_HEADER.INC 69 : Using default destination of 1 (file).
Warning[206] C:\USERS\SOUZA\MPLABXPROJECTS\PROJETO.X\CALCULATOR_OPERATION_HEADER.INC 621 : Found call to macro in column 1. (CMP)
Message[305] C:\USERS\SOUZA\MPLABXPROJECTS\PROJETO.X\GENERAL_USE_HEADER.INC 68 : Using default destination of 1 (file).
Message[305] C:\USERS\SOUZA\MPLABXPROJECTS\PROJETO.X\GENERAL_USE_HEADER.INC 69 : Using default destination of 1 (file).
Warning[206] C:\USERS\SOUZA\MPLABXPROJECTS\PROJETO.X\CALCULATOR_OPERATION_HEADER.INC 623 : Found call to macro in column 1. (CMP)
Message[305] C:\USERS\SOUZA\MPLABXPROJECTS\PROJETO.X\GENERAL_USE_HEADER.INC 68 : Using default destination of 1 (file).
Message[305] C:\USERS\SOUZA\MPLABXPROJECTS\PROJETO.X\GENERAL_USE_HEADER.INC 69 : Using default destination of 1 (file).
Warning[206] C:\USERS\SOUZA\MPLABXPROJECTS\PROJETO.X\CALCULATOR_OPERATION_HEADER.INC 625 : Found call to macro in column 1. (CMP)
Message[305] C:\USERS\SOUZA\MPLABXPROJECTS\PROJETO.X\GENERAL_USE_HEADER.INC 68 : Using default destination of 1 (file).
Message[305] C:\USERS\SOUZA\MPLABXPROJECTS\PROJETO.X\GENERAL_USE_HEADER.INC 69 : Using default destination of 1 (file).
Warning[206] C:\USERS\SOUZA\MPLABXPROJECTS\PROJETO.X\CALCULATOR_OPERATION_HEADER.INC 627 : Found call to macro in column 1. (CMP)
Message[305] C:\USERS\SOUZA\MPLABXPROJECTS\PROJETO.X\GENERAL_USE_HEADER.INC 68 : Using default destination of 1 (file).
Message[305] C:\USERS\SOUZA\MPLABXPROJECTS\PROJETO.X\GENERAL_USE_HEADER.INC 69 : Using default destination of 1 (file).
Warning[206] C:\USERS\SOUZA\MPLABXPROJECTS\PROJETO.X\CALCULATOR_OPERATION_HEADER.INC 629 : Found call to macro in column 1. (CMP)
Message[305] C:\USERS\SOUZA\MPLABXPROJECTS\PROJETO.X\GENERAL_USE_HEADER.INC 68 : Using default destination of 1 (file).
Message[305] C:\USERS\SOUZA\MPLABXPROJECTS\PROJETO.X\GENERAL_USE_HEADER.INC 69 : Using default destination of 1 (file).
Warning[206] C:\USERS\SOUZA\MPLABXPROJECTS\PROJETO.X\CALCULATOR_OPERATION_HEADER.INC 631 : Found call to macro in column 1. (CMP)
Message[305] C:\USERS\SOUZA\MPLABXPROJECTS\PROJETO.X\GENERAL_USE_HEADER.INC 68 : Using default destination of 1 (file).
Message[305] C:\USERS\SOUZA\MPLABXPROJECTS\PROJETO.X\GENERAL_USE_HEADER.INC 69 : Using default destination of 1 (file).
Warning[206] C:\USERS\SOUZA\MPLABXPROJECTS\PROJETO.X\CALCULATOR_OPERATION_HEADER.INC 633 : Found call to macro in column 1. (CMP)
Message[305] C:\USERS\SOUZA\MPLABXPROJECTS\PROJETO.X\GENERAL_USE_HEADER.INC 68 : Using default destination of 1 (file).
Message[305] C:\USERS\SOUZA\MPLABXPROJECTS\PROJETO.X\GENERAL_USE_HEADER.INC 69 : Using default destination of 1 (file).
Warning[206] C:\USERS\SOUZA\MPLABXPROJECTS\PROJETO.X\CALCULATOR_OPERATION_HEADER.INC 635 : Found call to macro in column 1. (CMP)
Message[305] C:\USERS\SOUZA\MPLABXPROJECTS\PROJETO.X\GENERAL_USE_HEADER.INC 68 : Using default destination of 1 (file).
Message[305] C:\USERS\SOUZA\MPLABXPROJECTS\PROJETO.X\GENERAL_USE_HEADER.INC 69 : Using default destination of 1 (file).
Message[305] C:\USERS\SOUZA\MPLABXPROJECTS\PROJETO.X\CALCULATOR_OPERATION_HEADER.INC 640 : Using default destination of 1 (file).
Message[305] C:\USERS\SOUZA\MPLABXPROJECTS\PROJETO.X\CALCULATOR_OPERATION_HEADER.INC 645 : Using default destination of 1 (file).
Message[305] C:\USERS\SOUZA\MPLABXPROJECTS\PROJETO.X\CALCULATOR_OPERATION_HEADER.INC 650 : Using default destination of 1 (file).
Message[305] C:\USERS\SOUZA\MPLABXPROJECTS\PROJETO.X\CALCULATOR_OPERATION_HEADER.INC 655 : Using default destination of 1 (file).
Message[305] C:\USERS\SOUZA\MPLABXPROJECTS\PROJETO.X\CALCULATOR_OPERATION_HEADER.INC 660 : Using default destination of 1 (file).
Message[305] C:\USERS\SOUZA\MPLABXPROJECTS\PROJETO.X\CALCULATOR_OPERATION_HEADER.INC 665 : Using default destination of 1 (file).
Message[305] C:\USERS\SOUZA\MPLABXPROJECTS\PROJETO.X\CALCULATOR_OPERATION_HEADER.INC 670 : Using default destination of 1 (file).
Message[305] C:\USERS\SOUZA\MPLABXPROJECTS\PROJETO.X\CALCULATOR_OPERATION_HEADER.INC 675 : Using default destination of 1 (file).
Message[305] C:\USERS\SOUZA\MPLABXPROJECTS\PROJETO.X\CALCULATOR_OPERATION_HEADER.INC 680 : Using default destination of 1 (file).
Message[305] C:\USERS\SOUZA\MPLABXPROJECTS\PROJETO.X\CALCULATOR_OPERATION_HEADER.INC 685 : Using default destination of 1 (file).
Message[305] C:\USERS\SOUZA\MPLABXPROJECTS\PROJETO.X\CALCULATOR_OPERATION_HEADER.INC 689 : Using default destination of 1 (file).
Warning[207] C:\USERS\SOUZA\MPLABXPROJECTS\PROJETO.X\CALCULATOR_OPERATION_HEADER.INC 696 : Found label after column 1. (LOOP_CENTENA)
Warning[207] C:\USERS\SOUZA\MPLABXPROJECTS\PROJETO.X\CALCULATOR_OPERATION_HEADER.INC 702 : Found label after column 1. (MTESTA_CENTENA)
Warning[206] C:\USERS\SOUZA\MPLABXPROJECTS\PROJETO.X\CALCULATOR_OPERATION_HEADER.INC 703 : Found call to macro in column 1. (CMP)
Message[305] C:\USERS\SOUZA\MPLABXPROJECTS\PROJETO.X\GENERAL_USE_HEADER.INC 68 : Using default destination of 1 (file).
Message[305] C:\USERS\SOUZA\MPLABXPROJECTS\PROJETO.X\GENERAL_USE_HEADER.INC 69 : Using default destination of 1 (file).
Warning[206] C:\USERS\SOUZA\MPLABXPROJECTS\PROJETO.X\CALCULATOR_OPERATION_HEADER.INC 705 : Found call to macro in column 1. (CMP)
Message[305] C:\USERS\SOUZA\MPLABXPROJECTS\PROJETO.X\GENERAL_USE_HEADER.INC 68 : Using default destination of 1 (file).
Message[305] C:\USERS\SOUZA\MPLABXPROJECTS\PROJETO.X\GENERAL_USE_HEADER.INC 69 : Using default destination of 1 (file).
Warning[206] C:\USERS\SOUZA\MPLABXPROJECTS\PROJETO.X\CALCULATOR_OPERATION_HEADER.INC 707 : Found call to macro in column 1. (CMP)
Message[305] C:\USERS\SOUZA\MPLABXPROJECTS\PROJETO.X\GENERAL_USE_HEADER.INC 68 : Using default destination of 1 (file).
Message[305] C:\USERS\SOUZA\MPLABXPROJECTS\PROJETO.X\GENERAL_USE_HEADER.INC 69 : Using default destination of 1 (file).
Warning[206] C:\USERS\SOUZA\MPLABXPROJECTS\PROJETO.X\CALCULATOR_OPERATION_HEADER.INC 709 : Found call to macro in column 1. (CMP)
Message[305] C:\USERS\SOUZA\MPLABXPROJECTS\PROJETO.X\GENERAL_USE_HEADER.INC 68 : Using default destination of 1 (file).
Message[305] C:\USERS\SOUZA\MPLABXPROJECTS\PROJETO.X\GENERAL_USE_HEADER.INC 69 : Using default destination of 1 (file).
Warning[206] C:\USERS\SOUZA\MPLABXPROJECTS\PROJETO.X\CALCULATOR_OPERATION_HEADER.INC 711 : Found call to macro in column 1. (CMP)
Message[305] C:\USERS\SOUZA\MPLABXPROJECTS\PROJETO.X\GENERAL_USE_HEADER.INC 68 : Using default destination of 1 (file).
Message[305] C:\USERS\SOUZA\MPLABXPROJECTS\PROJETO.X\GENERAL_USE_HEADER.INC 69 : Using default destination of 1 (file).
Warning[206] C:\USERS\SOUZA\MPLABXPROJECTS\PROJETO.X\CALCULATOR_OPERATION_HEADER.INC 713 : Found call to macro in column 1. (CMP)
Message[305] C:\USERS\SOUZA\MPLABXPROJECTS\PROJETO.X\GENERAL_USE_HEADER.INC 68 : Using default destination of 1 (file).
Message[305] C:\USERS\SOUZA\MPLABXPROJECTS\PROJETO.X\GENERAL_USE_HEADER.INC 69 : Using default destination of 1 (file).
Warning[206] C:\USERS\SOUZA\MPLABXPROJECTS\PROJETO.X\CALCULATOR_OPERATION_HEADER.INC 715 : Found call to macro in column 1. (CMP)
Message[305] C:\USERS\SOUZA\MPLABXPROJECTS\PROJETO.X\GENERAL_USE_HEADER.INC 68 : Using default destination of 1 (file).
Message[305] C:\USERS\SOUZA\MPLABXPROJECTS\PROJETO.X\GENERAL_USE_HEADER.INC 69 : Using default destination of 1 (file).
Warning[206] C:\USERS\SOUZA\MPLABXPROJECTS\PROJETO.X\CALCULATOR_OPERATION_HEADER.INC 717 : Found call to macro in column 1. (CMP)
Message[305] C:\USERS\SOUZA\MPLABXPROJECTS\PROJETO.X\GENERAL_USE_HEADER.INC 68 : Using default destination of 1 (file).
Message[305] C:\USERS\SOUZA\MPLABXPROJECTS\PROJETO.X\GENERAL_USE_HEADER.INC 69 : Using default destination of 1 (file).
Warning[206] C:\USERS\SOUZA\MPLABXPROJECTS\PROJETO.X\CALCULATOR_OPERATION_HEADER.INC 719 : Found call to macro in column 1. (CMP)
Message[305] C:\USERS\SOUZA\MPLABXPROJECTS\PROJETO.X\GENERAL_USE_HEADER.INC 68 : Using default destination of 1 (file).
Message[305] C:\USERS\SOUZA\MPLABXPROJECTS\PROJETO.X\GENERAL_USE_HEADER.INC 69 : Using default destination of 1 (file).
Warning[206] C:\USERS\SOUZA\MPLABXPROJECTS\PROJETO.X\CALCULATOR_OPERATION_HEADER.INC 721 : Found call to macro in column 1. (CMP)
Message[305] C:\USERS\SOUZA\MPLABXPROJECTS\PROJETO.X\GENERAL_USE_HEADER.INC 68 : Using default destination of 1 (file).
Message[305] C:\USERS\SOUZA\MPLABXPROJECTS\PROJETO.X\GENERAL_USE_HEADER.INC 69 : Using default destination of 1 (file).
Message[305] C:\USERS\SOUZA\MPLABXPROJECTS\PROJETO.X\CALCULATOR_OPERATION_HEADER.INC 726 : Using default destination of 1 (file).
Message[305] C:\USERS\SOUZA\MPLABXPROJECTS\PROJETO.X\CALCULATOR_OPERATION_HEADER.INC 731 : Using default destination of 1 (file).
Message[305] C:\USERS\SOUZA\MPLABXPROJECTS\PROJETO.X\CALCULATOR_OPERATION_HEADER.INC 736 : Using default destination of 1 (file).
Message[305] C:\USERS\SOUZA\MPLABXPROJECTS\PROJETO.X\CALCULATOR_OPERATION_HEADER.INC 741 : Using default destination of 1 (file).
Message[305] C:\USERS\SOUZA\MPLABXPROJECTS\PROJETO.X\CALCULATOR_OPERATION_HEADER.INC 746 : Using default destination of 1 (file).
Message[305] C:\USERS\SOUZA\MPLABXPROJECTS\PROJETO.X\CALCULATOR_OPERATION_HEADER.INC 751 : Using default destination of 1 (file).
Message[305] C:\USERS\SOUZA\MPLABXPROJECTS\PROJETO.X\CALCULATOR_OPERATION_HEADER.INC 756 : Using default destination of 1 (file).
Message[305] C:\USERS\SOUZA\MPLABXPROJECTS\PROJETO.X\CALCULATOR_OPERATION_HEADER.INC 761 : Using default destination of 1 (file).
Message[305] C:\USERS\SOUZA\MPLABXPROJECTS\PROJETO.X\CALCULATOR_OPERATION_HEADER.INC 766 : Using default destination of 1 (file).
Message[305] C:\USERS\SOUZA\MPLABXPROJECTS\PROJETO.X\CALCULATOR_OPERATION_HEADER.INC 771 : Using default destination of 1 (file).
Message[305] C:\USERS\SOUZA\MPLABXPROJECTS\PROJETO.X\CALCULATOR_OPERATION_HEADER.INC 776 : Using default destination of 1 (file).
Warning[206] C:\USERS\SOUZA\MPLABXPROJECTS\PROJETO.X\MAIN.ASM 53 : Found call to macro in column 1. (INICIALIZA_CASAS)
Warning[203] C:\USERS\SOUZA\MPLABXPROJECTS\PROJETO.X\MAIN.ASM 56 : Found opcode in column 1. (CALL)
Warning[203] C:\USERS\SOUZA\MPLABXPROJECTS\PROJETO.X\MAIN.ASM 58 : Found opcode in column 1. (CALL)
Warning[203] C:\USERS\SOUZA\MPLABXPROJECTS\PROJETO.X\MAIN.ASM 59 : Found opcode in column 1. (MOVF)
Warning[203] C:\USERS\SOUZA\MPLABXPROJECTS\PROJETO.X\MAIN.ASM 60 : Found opcode in column 1. (MOVWF)
Warning[203] C:\USERS\SOUZA\MPLABXPROJECTS\PROJETO.X\MAIN.ASM 63 : Found opcode in column 1. (CALL)
Warning[203] C:\USERS\SOUZA\MPLABXPROJECTS\PROJETO.X\MAIN.ASM 64 : Found opcode in column 1. (MOVF)
Warning[203] C:\USERS\SOUZA\MPLABXPROJECTS\PROJETO.X\MAIN.ASM 65 : Found opcode in column 1. (MOVWF)
Warning[203] C:\USERS\SOUZA\MPLABXPROJECTS\PROJETO.X\MAIN.ASM 69 : Found opcode in column 1. (CALL)
Warning[203] C:\USERS\SOUZA\MPLABXPROJECTS\PROJETO.X\MAIN.ASM 70 : Found opcode in column 1. (MOVF)
Warning[203] C:\USERS\SOUZA\MPLABXPROJECTS\PROJETO.X\MAIN.ASM 71 : Found opcode in column 1. (MOVWF)
Warning[203] C:\USERS\SOUZA\MPLABXPROJECTS\PROJETO.X\MAIN.ASM 73 : Found opcode in column 1. (CALL)
Warning[203] C:\USERS\SOUZA\MPLABXPROJECTS\PROJETO.X\MAIN.ASM 74 : Found opcode in column 1. (MOVF)
Warning[203] C:\USERS\SOUZA\MPLABXPROJECTS\PROJETO.X\MAIN.ASM 75 : Found opcode in column 1. (MOVWF)
Warning[203] C:\USERS\SOUZA\MPLABXPROJECTS\PROJETO.X\MAIN.ASM 76 : Found opcode in column 1. (CALL)
Warning[203] C:\USERS\SOUZA\MPLABXPROJECTS\PROJETO.X\MAIN.ASM 78 : Found opcode in column 1. (CALL)
Warning[203] C:\USERS\SOUZA\MPLABXPROJECTS\PROJETO.X\MAIN.ASM 81 : Found opcode in column 1. (GOTO)
Warning[207] C:\USERS\SOUZA\MPLABXPROJECTS\PROJETO.X\MAIN.ASM 86 : Found label after column 1. (WAIT_OPERATOR)
Message[302] C:\USERS\SOUZA\MPLABXPROJECTS\PROJETO.X\MAIN.ASM 91 : Register in operand not in bank 0.  Ensure that bank bits are correct.
Message[302] C:\USERS\SOUZA\MPLABXPROJECTS\PROJETO.X\MAIN.ASM 101 : Register in operand not in bank 0.  Ensure that bank bits are correct.
Message[302] C:\USERS\SOUZA\MPLABXPROJECTS\PROJETO.X\MAIN.ASM 111 : Register in operand not in bank 0.  Ensure that bank bits are correct.
