Warning[206] C:\USERS\SOUZA\MPLABXPROJECTS\PROJETO.X\MAIN.ASM 18 : Found call to macro in column 1. (POG_VARIAVEIS)
Warning[203] C:\USERS\SOUZA\MPLABXPROJECTS\PROJETO.X\MAIN.ASM 36 : Found opcode in column 1. (RETFIE)
Warning[206] C:\USERS\SOUZA\MPLABXPROJECTS\PROJETO.X\MAIN.ASM 40 : Found call to macro in column 1. (ENABLE_DELAYS)
Warning[206] C:\USERS\SOUZA\MPLABXPROJECTS\PROJETO.X\MAIN.ASM 41 : Found call to macro in column 1. (ENABLE_DISPLAY)
Message[302] C:\USERS\SOUZA\MPLABXPROJECTS\PROJETO.X\CALCULATOR_DISPLAY_HEADER.INC 29 : Register in operand not in bank 0.  Ensure that bank bits are correct.
Message[302] C:\USERS\SOUZA\MPLABXPROJECTS\PROJETO.X\CALCULATOR_DISPLAY_HEADER.INC 30 : Register in operand not in bank 0.  Ensure that bank bits are correct.
Message[302] C:\USERS\SOUZA\MPLABXPROJECTS\PROJETO.X\CALCULATOR_DISPLAY_HEADER.INC 31 : Register in operand not in bank 0.  Ensure that bank bits are correct.
Warning[206] C:\USERS\SOUZA\MPLABXPROJECTS\PROJETO.X\MAIN.ASM 42 : Found call to macro in column 1. (USE_DISPLAY)
Warning[206] C:\USERS\SOUZA\MPLABXPROJECTS\PROJETO.X\MAIN.ASM 43 : Found call to macro in column 1. (SHOW_ALL_DISPLAYS)
Message[305] C:\USERS\SOUZA\MPLABXPROJECTS\PROJETO.X\GENERAL_USE_HEADER.INC 68 : Using default destination of 1 (file).
Message[305] C:\USERS\SOUZA\MPLABXPROJECTS\PROJETO.X\GENERAL_USE_HEADER.INC 69 : Using default destination of 1 (file).
Message[305] C:\USERS\SOUZA\MPLABXPROJECTS\PROJETO.X\GENERAL_USE_HEADER.INC 68 : Using default destination of 1 (file).
Message[305] C:\USERS\SOUZA\MPLABXPROJECTS\PROJETO.X\GENERAL_USE_HEADER.INC 69 : Using default destination of 1 (file).
Message[305] C:\USERS\SOUZA\MPLABXPROJECTS\PROJETO.X\GENERAL_USE_HEADER.INC 68 : Using default destination of 1 (file).
Message[305] C:\USERS\SOUZA\MPLABXPROJECTS\PROJETO.X\GENERAL_USE_HEADER.INC 69 : Using default destination of 1 (file).
Message[305] C:\USERS\SOUZA\MPLABXPROJECTS\PROJETO.X\GENERAL_USE_HEADER.INC 68 : Using default destination of 1 (file).
Message[305] C:\USERS\SOUZA\MPLABXPROJECTS\PROJETO.X\GENERAL_USE_HEADER.INC 69 : Using default destination of 1 (file).
Message[305] C:\USERS\SOUZA\MPLABXPROJECTS\PROJETO.X\GENERAL_USE_HEADER.INC 68 : Using default destination of 1 (file).
Message[305] C:\USERS\SOUZA\MPLABXPROJECTS\PROJETO.X\GENERAL_USE_HEADER.INC 69 : Using default destination of 1 (file).
Message[305] C:\USERS\SOUZA\MPLABXPROJECTS\PROJETO.X\GENERAL_USE_HEADER.INC 68 : Using default destination of 1 (file).
Message[305] C:\USERS\SOUZA\MPLABXPROJECTS\PROJETO.X\GENERAL_USE_HEADER.INC 69 : Using default destination of 1 (file).
Message[305] C:\USERS\SOUZA\MPLABXPROJECTS\PROJETO.X\GENERAL_USE_HEADER.INC 68 : Using default destination of 1 (file).
Message[305] C:\USERS\SOUZA\MPLABXPROJECTS\PROJETO.X\GENERAL_USE_HEADER.INC 69 : Using default destination of 1 (file).
Message[305] C:\USERS\SOUZA\MPLABXPROJECTS\PROJETO.X\GENERAL_USE_HEADER.INC 68 : Using default destination of 1 (file).
Message[305] C:\USERS\SOUZA\MPLABXPROJECTS\PROJETO.X\GENERAL_USE_HEADER.INC 69 : Using default destination of 1 (file).
Message[305] C:\USERS\SOUZA\MPLABXPROJECTS\PROJETO.X\GENERAL_USE_HEADER.INC 68 : Using default destination of 1 (file).
Message[305] C:\USERS\SOUZA\MPLABXPROJECTS\PROJETO.X\GENERAL_USE_HEADER.INC 69 : Using default destination of 1 (file).
Message[305] C:\USERS\SOUZA\MPLABXPROJECTS\PROJETO.X\GENERAL_USE_HEADER.INC 68 : Using default destination of 1 (file).
Message[305] C:\USERS\SOUZA\MPLABXPROJECTS\PROJETO.X\GENERAL_USE_HEADER.INC 69 : Using default destination of 1 (file).
Message[305] C:\USERS\SOUZA\MPLABXPROJECTS\PROJETO.X\GENERAL_USE_HEADER.INC 68 : Using default destination of 1 (file).
Message[305] C:\USERS\SOUZA\MPLABXPROJECTS\PROJETO.X\GENERAL_USE_HEADER.INC 69 : Using default destination of 1 (file).
Message[305] C:\USERS\SOUZA\MPLABXPROJECTS\PROJETO.X\GENERAL_USE_HEADER.INC 68 : Using default destination of 1 (file).
Message[305] C:\USERS\SOUZA\MPLABXPROJECTS\PROJETO.X\GENERAL_USE_HEADER.INC 69 : Using default destination of 1 (file).
Message[305] C:\USERS\SOUZA\MPLABXPROJECTS\PROJETO.X\GENERAL_USE_HEADER.INC 68 : Using default destination of 1 (file).
Message[305] C:\USERS\SOUZA\MPLABXPROJECTS\PROJETO.X\GENERAL_USE_HEADER.INC 69 : Using default destination of 1 (file).
Message[305] C:\USERS\SOUZA\MPLABXPROJECTS\PROJETO.X\GENERAL_USE_HEADER.INC 68 : Using default destination of 1 (file).
Message[305] C:\USERS\SOUZA\MPLABXPROJECTS\PROJETO.X\GENERAL_USE_HEADER.INC 69 : Using default destination of 1 (file).
Message[305] C:\USERS\SOUZA\MPLABXPROJECTS\PROJETO.X\GENERAL_USE_HEADER.INC 68 : Using default destination of 1 (file).
Message[305] C:\USERS\SOUZA\MPLABXPROJECTS\PROJETO.X\GENERAL_USE_HEADER.INC 69 : Using default destination of 1 (file).
Message[305] C:\USERS\SOUZA\MPLABXPROJECTS\PROJETO.X\GENERAL_USE_HEADER.INC 68 : Using default destination of 1 (file).
Message[305] C:\USERS\SOUZA\MPLABXPROJECTS\PROJETO.X\GENERAL_USE_HEADER.INC 69 : Using default destination of 1 (file).
Message[305] C:\USERS\SOUZA\MPLABXPROJECTS\PROJETO.X\GENERAL_USE_HEADER.INC 68 : Using default destination of 1 (file).
Message[305] C:\USERS\SOUZA\MPLABXPROJECTS\PROJETO.X\GENERAL_USE_HEADER.INC 69 : Using default destination of 1 (file).
Message[305] C:\USERS\SOUZA\MPLABXPROJECTS\PROJETO.X\GENERAL_USE_HEADER.INC 68 : Using default destination of 1 (file).
Message[305] C:\USERS\SOUZA\MPLABXPROJECTS\PROJETO.X\GENERAL_USE_HEADER.INC 69 : Using default destination of 1 (file).
Message[305] C:\USERS\SOUZA\MPLABXPROJECTS\PROJETO.X\GENERAL_USE_HEADER.INC 68 : Using default destination of 1 (file).
Message[305] C:\USERS\SOUZA\MPLABXPROJECTS\PROJETO.X\GENERAL_USE_HEADER.INC 69 : Using default destination of 1 (file).
Message[305] C:\USERS\SOUZA\MPLABXPROJECTS\PROJETO.X\GENERAL_USE_HEADER.INC 68 : Using default destination of 1 (file).
Message[305] C:\USERS\SOUZA\MPLABXPROJECTS\PROJETO.X\GENERAL_USE_HEADER.INC 69 : Using default destination of 1 (file).
Message[305] C:\USERS\SOUZA\MPLABXPROJECTS\PROJETO.X\GENERAL_USE_HEADER.INC 68 : Using default destination of 1 (file).
Message[305] C:\USERS\SOUZA\MPLABXPROJECTS\PROJETO.X\GENERAL_USE_HEADER.INC 69 : Using default destination of 1 (file).
Message[305] C:\USERS\SOUZA\MPLABXPROJECTS\PROJETO.X\GENERAL_USE_HEADER.INC 68 : Using default destination of 1 (file).
Message[305] C:\USERS\SOUZA\MPLABXPROJECTS\PROJETO.X\GENERAL_USE_HEADER.INC 69 : Using default destination of 1 (file).
Message[305] C:\USERS\SOUZA\MPLABXPROJECTS\PROJETO.X\GENERAL_USE_HEADER.INC 68 : Using default destination of 1 (file).
Message[305] C:\USERS\SOUZA\MPLABXPROJECTS\PROJETO.X\GENERAL_USE_HEADER.INC 69 : Using default destination of 1 (file).
Message[305] C:\USERS\SOUZA\MPLABXPROJECTS\PROJETO.X\GENERAL_USE_HEADER.INC 68 : Using default destination of 1 (file).
Message[305] C:\USERS\SOUZA\MPLABXPROJECTS\PROJETO.X\GENERAL_USE_HEADER.INC 69 : Using default destination of 1 (file).
Message[305] C:\USERS\SOUZA\MPLABXPROJECTS\PROJETO.X\GENERAL_USE_HEADER.INC 68 : Using default destination of 1 (file).
Message[305] C:\USERS\SOUZA\MPLABXPROJECTS\PROJETO.X\GENERAL_USE_HEADER.INC 69 : Using default destination of 1 (file).
Message[305] C:\USERS\SOUZA\MPLABXPROJECTS\PROJETO.X\GENERAL_USE_HEADER.INC 68 : Using default destination of 1 (file).
Message[305] C:\USERS\SOUZA\MPLABXPROJECTS\PROJETO.X\GENERAL_USE_HEADER.INC 69 : Using default destination of 1 (file).
Message[305] C:\USERS\SOUZA\MPLABXPROJECTS\PROJETO.X\GENERAL_USE_HEADER.INC 68 : Using default destination of 1 (file).
Message[305] C:\USERS\SOUZA\MPLABXPROJECTS\PROJETO.X\GENERAL_USE_HEADER.INC 69 : Using default destination of 1 (file).
Message[305] C:\USERS\SOUZA\MPLABXPROJECTS\PROJETO.X\GENERAL_USE_HEADER.INC 68 : Using default destination of 1 (file).
Message[305] C:\USERS\SOUZA\MPLABXPROJECTS\PROJETO.X\GENERAL_USE_HEADER.INC 69 : Using default destination of 1 (file).
Message[305] C:\USERS\SOUZA\MPLABXPROJECTS\PROJETO.X\GENERAL_USE_HEADER.INC 68 : Using default destination of 1 (file).
Message[305] C:\USERS\SOUZA\MPLABXPROJECTS\PROJETO.X\GENERAL_USE_HEADER.INC 69 : Using default destination of 1 (file).
Message[305] C:\USERS\SOUZA\MPLABXPROJECTS\PROJETO.X\GENERAL_USE_HEADER.INC 68 : Using default destination of 1 (file).
Message[305] C:\USERS\SOUZA\MPLABXPROJECTS\PROJETO.X\GENERAL_USE_HEADER.INC 69 : Using default destination of 1 (file).
Message[305] C:\USERS\SOUZA\MPLABXPROJECTS\PROJETO.X\GENERAL_USE_HEADER.INC 68 : Using default destination of 1 (file).
Message[305] C:\USERS\SOUZA\MPLABXPROJECTS\PROJETO.X\GENERAL_USE_HEADER.INC 69 : Using default destination of 1 (file).
Message[305] C:\USERS\SOUZA\MPLABXPROJECTS\PROJETO.X\GENERAL_USE_HEADER.INC 68 : Using default destination of 1 (file).
Message[305] C:\USERS\SOUZA\MPLABXPROJECTS\PROJETO.X\GENERAL_USE_HEADER.INC 69 : Using default destination of 1 (file).
Message[305] C:\USERS\SOUZA\MPLABXPROJECTS\PROJETO.X\GENERAL_USE_HEADER.INC 68 : Using default destination of 1 (file).
Message[305] C:\USERS\SOUZA\MPLABXPROJECTS\PROJETO.X\GENERAL_USE_HEADER.INC 69 : Using default destination of 1 (file).
Message[305] C:\USERS\SOUZA\MPLABXPROJECTS\PROJETO.X\GENERAL_USE_HEADER.INC 68 : Using default destination of 1 (file).
Message[305] C:\USERS\SOUZA\MPLABXPROJECTS\PROJETO.X\GENERAL_USE_HEADER.INC 69 : Using default destination of 1 (file).
Message[305] C:\USERS\SOUZA\MPLABXPROJECTS\PROJETO.X\GENERAL_USE_HEADER.INC 68 : Using default destination of 1 (file).
Message[305] C:\USERS\SOUZA\MPLABXPROJECTS\PROJETO.X\GENERAL_USE_HEADER.INC 69 : Using default destination of 1 (file).
Message[305] C:\USERS\SOUZA\MPLABXPROJECTS\PROJETO.X\GENERAL_USE_HEADER.INC 68 : Using default destination of 1 (file).
Message[305] C:\USERS\SOUZA\MPLABXPROJECTS\PROJETO.X\GENERAL_USE_HEADER.INC 69 : Using default destination of 1 (file).
Message[305] C:\USERS\SOUZA\MPLABXPROJECTS\PROJETO.X\GENERAL_USE_HEADER.INC 68 : Using default destination of 1 (file).
Message[305] C:\USERS\SOUZA\MPLABXPROJECTS\PROJETO.X\GENERAL_USE_HEADER.INC 69 : Using default destination of 1 (file).
Message[305] C:\USERS\SOUZA\MPLABXPROJECTS\PROJETO.X\GENERAL_USE_HEADER.INC 68 : Using default destination of 1 (file).
Message[305] C:\USERS\SOUZA\MPLABXPROJECTS\PROJETO.X\GENERAL_USE_HEADER.INC 69 : Using default destination of 1 (file).
Message[305] C:\USERS\SOUZA\MPLABXPROJECTS\PROJETO.X\GENERAL_USE_HEADER.INC 68 : Using default destination of 1 (file).
Message[305] C:\USERS\SOUZA\MPLABXPROJECTS\PROJETO.X\GENERAL_USE_HEADER.INC 69 : Using default destination of 1 (file).
Message[305] C:\USERS\SOUZA\MPLABXPROJECTS\PROJETO.X\GENERAL_USE_HEADER.INC 68 : Using default destination of 1 (file).
Message[305] C:\USERS\SOUZA\MPLABXPROJECTS\PROJETO.X\GENERAL_USE_HEADER.INC 69 : Using default destination of 1 (file).
Warning[206] C:\USERS\SOUZA\MPLABXPROJECTS\PROJETO.X\MAIN.ASM 44 : Found call to macro in column 1. (ENABLE_KEYBOARD)
Warning[207] C:\USERS\SOUZA\MPLABXPROJECTS\PROJETO.X\CALCULATOR_KEYBOARD_HEADER.INC 23 : Found label after column 1. (CONFIG_KEYBOARD)
Message[302] C:\USERS\SOUZA\MPLABXPROJECTS\PROJETO.X\CALCULATOR_KEYBOARD_HEADER.INC 25 : Register in operand not in bank 0.  Ensure that bank bits are correct.
Message[302] C:\USERS\SOUZA\MPLABXPROJECTS\PROJETO.X\CALCULATOR_KEYBOARD_HEADER.INC 27 : Register in operand not in bank 0.  Ensure that bank bits are correct.
Warning[206] C:\USERS\SOUZA\MPLABXPROJECTS\PROJETO.X\MAIN.ASM 45 : Found call to macro in column 1. (INPUT_KEYBOARD)
Warning[207] C:\USERS\SOUZA\MPLABXPROJECTS\PROJETO.X\CALCULATOR_KEYBOARD_HEADER.INC 36 : Found label after column 1. (INPUT_LOOP)
Message[302] C:\USERS\SOUZA\MPLABXPROJECTS\PROJETO.X\CALCULATOR_KEYBOARD_HEADER.INC 40 : Register in operand not in bank 0.  Ensure that bank bits are correct.
Message[302] C:\USERS\SOUZA\MPLABXPROJECTS\PROJETO.X\CALCULATOR_KEYBOARD_HEADER.INC 44 : Register in operand not in bank 0.  Ensure that bank bits are correct.
Message[302] C:\USERS\SOUZA\MPLABXPROJECTS\PROJETO.X\CALCULATOR_KEYBOARD_HEADER.INC 48 : Register in operand not in bank 0.  Ensure that bank bits are correct.
Message[302] C:\USERS\SOUZA\MPLABXPROJECTS\PROJETO.X\CALCULATOR_KEYBOARD_HEADER.INC 55 : Register in operand not in bank 0.  Ensure that bank bits are correct.
Message[302] C:\USERS\SOUZA\MPLABXPROJECTS\PROJETO.X\CALCULATOR_KEYBOARD_HEADER.INC 59 : Register in operand not in bank 0.  Ensure that bank bits are correct.
Message[302] C:\USERS\SOUZA\MPLABXPROJECTS\PROJETO.X\CALCULATOR_KEYBOARD_HEADER.INC 63 : Register in operand not in bank 0.  Ensure that bank bits are correct.
Message[302] C:\USERS\SOUZA\MPLABXPROJECTS\PROJETO.X\CALCULATOR_KEYBOARD_HEADER.INC 67 : Register in operand not in bank 0.  Ensure that bank bits are correct.
Message[302] C:\USERS\SOUZA\MPLABXPROJECTS\PROJETO.X\CALCULATOR_KEYBOARD_HEADER.INC 75 : Register in operand not in bank 0.  Ensure that bank bits are correct.
Message[302] C:\USERS\SOUZA\MPLABXPROJECTS\PROJETO.X\CALCULATOR_KEYBOARD_HEADER.INC 79 : Register in operand not in bank 0.  Ensure that bank bits are correct.
Message[302] C:\USERS\SOUZA\MPLABXPROJECTS\PROJETO.X\CALCULATOR_KEYBOARD_HEADER.INC 83 : Register in operand not in bank 0.  Ensure that bank bits are correct.
Warning[206] C:\USERS\SOUZA\MPLABXPROJECTS\PROJETO.X\MAIN.ASM 46 : Found call to macro in column 1. (OPERATIONS)
Warning[203] C:\USERS\SOUZA\MPLABXPROJECTS\PROJETO.X\CALCULATOR_OPERATION_HEADER.INC 19 : Found opcode in column 1. (MOVF)
Warning[203] C:\USERS\SOUZA\MPLABXPROJECTS\PROJETO.X\CALCULATOR_OPERATION_HEADER.INC 20 : Found opcode in column 1. (ADDWF)
Warning[203] C:\USERS\SOUZA\MPLABXPROJECTS\PROJETO.X\CALCULATOR_OPERATION_HEADER.INC 21 : Found opcode in column 1. (MOVWF)
Warning[206] C:\USERS\SOUZA\MPLABXPROJECTS\PROJETO.X\CALCULATOR_OPERATION_HEADER.INC 23 : Found call to macro in column 1. (CMP)
Message[305] C:\USERS\SOUZA\MPLABXPROJECTS\PROJETO.X\GENERAL_USE_HEADER.INC 68 : Using default destination of 1 (file).
Message[305] C:\USERS\SOUZA\MPLABXPROJECTS\PROJETO.X\GENERAL_USE_HEADER.INC 69 : Using default destination of 1 (file).
Warning[206] C:\USERS\SOUZA\MPLABXPROJECTS\PROJETO.X\CALCULATOR_OPERATION_HEADER.INC 25 : Found call to macro in column 1. (CMP)
Message[305] C:\USERS\SOUZA\MPLABXPROJECTS\PROJETO.X\GENERAL_USE_HEADER.INC 68 : Using default destination of 1 (file).
Message[305] C:\USERS\SOUZA\MPLABXPROJECTS\PROJETO.X\GENERAL_USE_HEADER.INC 69 : Using default destination of 1 (file).
Warning[206] C:\USERS\SOUZA\MPLABXPROJECTS\PROJETO.X\CALCULATOR_OPERATION_HEADER.INC 27 : Found call to macro in column 1. (CMP)
Message[305] C:\USERS\SOUZA\MPLABXPROJECTS\PROJETO.X\GENERAL_USE_HEADER.INC 68 : Using default destination of 1 (file).
Message[305] C:\USERS\SOUZA\MPLABXPROJECTS\PROJETO.X\GENERAL_USE_HEADER.INC 69 : Using default destination of 1 (file).
Warning[206] C:\USERS\SOUZA\MPLABXPROJECTS\PROJETO.X\CALCULATOR_OPERATION_HEADER.INC 29 : Found call to macro in column 1. (CMP)
Message[305] C:\USERS\SOUZA\MPLABXPROJECTS\PROJETO.X\GENERAL_USE_HEADER.INC 68 : Using default destination of 1 (file).
Message[305] C:\USERS\SOUZA\MPLABXPROJECTS\PROJETO.X\GENERAL_USE_HEADER.INC 69 : Using default destination of 1 (file).
Warning[206] C:\USERS\SOUZA\MPLABXPROJECTS\PROJETO.X\CALCULATOR_OPERATION_HEADER.INC 31 : Found call to macro in column 1. (CMP)
Message[305] C:\USERS\SOUZA\MPLABXPROJECTS\PROJETO.X\GENERAL_USE_HEADER.INC 68 : Using default destination of 1 (file).
Message[305] C:\USERS\SOUZA\MPLABXPROJECTS\PROJETO.X\GENERAL_USE_HEADER.INC 69 : Using default destination of 1 (file).
Warning[206] C:\USERS\SOUZA\MPLABXPROJECTS\PROJETO.X\CALCULATOR_OPERATION_HEADER.INC 33 : Found call to macro in column 1. (CMP)
Message[305] C:\USERS\SOUZA\MPLABXPROJECTS\PROJETO.X\GENERAL_USE_HEADER.INC 68 : Using default destination of 1 (file).
Message[305] C:\USERS\SOUZA\MPLABXPROJECTS\PROJETO.X\GENERAL_USE_HEADER.INC 69 : Using default destination of 1 (file).
Warning[206] C:\USERS\SOUZA\MPLABXPROJECTS\PROJETO.X\CALCULATOR_OPERATION_HEADER.INC 35 : Found call to macro in column 1. (CMP)
Message[305] C:\USERS\SOUZA\MPLABXPROJECTS\PROJETO.X\GENERAL_USE_HEADER.INC 68 : Using default destination of 1 (file).
Message[305] C:\USERS\SOUZA\MPLABXPROJECTS\PROJETO.X\GENERAL_USE_HEADER.INC 69 : Using default destination of 1 (file).
Warning[206] C:\USERS\SOUZA\MPLABXPROJECTS\PROJETO.X\CALCULATOR_OPERATION_HEADER.INC 37 : Found call to macro in column 1. (CMP)
Message[305] C:\USERS\SOUZA\MPLABXPROJECTS\PROJETO.X\GENERAL_USE_HEADER.INC 68 : Using default destination of 1 (file).
Message[305] C:\USERS\SOUZA\MPLABXPROJECTS\PROJETO.X\GENERAL_USE_HEADER.INC 69 : Using default destination of 1 (file).
Warning[206] C:\USERS\SOUZA\MPLABXPROJECTS\PROJETO.X\CALCULATOR_OPERATION_HEADER.INC 39 : Found call to macro in column 1. (CMP)
Message[305] C:\USERS\SOUZA\MPLABXPROJECTS\PROJETO.X\GENERAL_USE_HEADER.INC 68 : Using default destination of 1 (file).
Message[305] C:\USERS\SOUZA\MPLABXPROJECTS\PROJETO.X\GENERAL_USE_HEADER.INC 69 : Using default destination of 1 (file).
Message[305] C:\USERS\SOUZA\MPLABXPROJECTS\PROJETO.X\CALCULATOR_OPERATION_HEADER.INC 44 : Using default destination of 1 (file).
Message[305] C:\USERS\SOUZA\MPLABXPROJECTS\PROJETO.X\CALCULATOR_OPERATION_HEADER.INC 49 : Using default destination of 1 (file).
Message[305] C:\USERS\SOUZA\MPLABXPROJECTS\PROJETO.X\CALCULATOR_OPERATION_HEADER.INC 54 : Using default destination of 1 (file).
Warning[207] C:\USERS\SOUZA\MPLABXPROJECTS\PROJETO.X\CALCULATOR_OPERATION_HEADER.INC 56 : Found label after column 1. (U_CARRY_3)
Message[305] C:\USERS\SOUZA\MPLABXPROJECTS\PROJETO.X\CALCULATOR_OPERATION_HEADER.INC 59 : Using default destination of 1 (file).
Message[305] C:\USERS\SOUZA\MPLABXPROJECTS\PROJETO.X\CALCULATOR_OPERATION_HEADER.INC 64 : Using default destination of 1 (file).
Message[305] C:\USERS\SOUZA\MPLABXPROJECTS\PROJETO.X\CALCULATOR_OPERATION_HEADER.INC 69 : Using default destination of 1 (file).
Message[305] C:\USERS\SOUZA\MPLABXPROJECTS\PROJETO.X\CALCULATOR_OPERATION_HEADER.INC 74 : Using default destination of 1 (file).
Message[305] C:\USERS\SOUZA\MPLABXPROJECTS\PROJETO.X\CALCULATOR_OPERATION_HEADER.INC 79 : Using default destination of 1 (file).
Message[305] C:\USERS\SOUZA\MPLABXPROJECTS\PROJETO.X\CALCULATOR_OPERATION_HEADER.INC 84 : Using default destination of 1 (file).
Warning[203] C:\USERS\SOUZA\MPLABXPROJECTS\PROJETO.X\CALCULATOR_OPERATION_HEADER.INC 88 : Found opcode in column 1. (MOVF)
Warning[203] C:\USERS\SOUZA\MPLABXPROJECTS\PROJETO.X\CALCULATOR_OPERATION_HEADER.INC 89 : Found opcode in column 1. (ADDWF)
Warning[203] C:\USERS\SOUZA\MPLABXPROJECTS\PROJETO.X\CALCULATOR_OPERATION_HEADER.INC 90 : Found opcode in column 1. (ADDWF)
Warning[203] C:\USERS\SOUZA\MPLABXPROJECTS\PROJETO.X\CALCULATOR_OPERATION_HEADER.INC 91 : Found opcode in column 1. (MOVWF)
Warning[206] C:\USERS\SOUZA\MPLABXPROJECTS\PROJETO.X\CALCULATOR_OPERATION_HEADER.INC 92 : Found call to macro in column 1. (CMP)
Message[305] C:\USERS\SOUZA\MPLABXPROJECTS\PROJETO.X\GENERAL_USE_HEADER.INC 68 : Using default destination of 1 (file).
Message[305] C:\USERS\SOUZA\MPLABXPROJECTS\PROJETO.X\GENERAL_USE_HEADER.INC 69 : Using default destination of 1 (file).
Warning[206] C:\USERS\SOUZA\MPLABXPROJECTS\PROJETO.X\CALCULATOR_OPERATION_HEADER.INC 94 : Found call to macro in column 1. (CMP)
Message[305] C:\USERS\SOUZA\MPLABXPROJECTS\PROJETO.X\GENERAL_USE_HEADER.INC 68 : Using default destination of 1 (file).
Message[305] C:\USERS\SOUZA\MPLABXPROJECTS\PROJETO.X\GENERAL_USE_HEADER.INC 69 : Using default destination of 1 (file).
Warning[206] C:\USERS\SOUZA\MPLABXPROJECTS\PROJETO.X\CALCULATOR_OPERATION_HEADER.INC 96 : Found call to macro in column 1. (CMP)
Message[305] C:\USERS\SOUZA\MPLABXPROJECTS\PROJETO.X\GENERAL_USE_HEADER.INC 68 : Using default destination of 1 (file).
Message[305] C:\USERS\SOUZA\MPLABXPROJECTS\PROJETO.X\GENERAL_USE_HEADER.INC 69 : Using default destination of 1 (file).
Warning[206] C:\USERS\SOUZA\MPLABXPROJECTS\PROJETO.X\CALCULATOR_OPERATION_HEADER.INC 98 : Found call to macro in column 1. (CMP)
Message[305] C:\USERS\SOUZA\MPLABXPROJECTS\PROJETO.X\GENERAL_USE_HEADER.INC 68 : Using default destination of 1 (file).
Message[305] C:\USERS\SOUZA\MPLABXPROJECTS\PROJETO.X\GENERAL_USE_HEADER.INC 69 : Using default destination of 1 (file).
Warning[206] C:\USERS\SOUZA\MPLABXPROJECTS\PROJETO.X\CALCULATOR_OPERATION_HEADER.INC 100 : Found call to macro in column 1. (CMP)
Message[305] C:\USERS\SOUZA\MPLABXPROJECTS\PROJETO.X\GENERAL_USE_HEADER.INC 68 : Using default destination of 1 (file).
Message[305] C:\USERS\SOUZA\MPLABXPROJECTS\PROJETO.X\GENERAL_USE_HEADER.INC 69 : Using default destination of 1 (file).
Warning[206] C:\USERS\SOUZA\MPLABXPROJECTS\PROJETO.X\CALCULATOR_OPERATION_HEADER.INC 102 : Found call to macro in column 1. (CMP)
Message[305] C:\USERS\SOUZA\MPLABXPROJECTS\PROJETO.X\GENERAL_USE_HEADER.INC 68 : Using default destination of 1 (file).
Message[305] C:\USERS\SOUZA\MPLABXPROJECTS\PROJETO.X\GENERAL_USE_HEADER.INC 69 : Using default destination of 1 (file).
Warning[206] C:\USERS\SOUZA\MPLABXPROJECTS\PROJETO.X\CALCULATOR_OPERATION_HEADER.INC 104 : Found call to macro in column 1. (CMP)
Message[305] C:\USERS\SOUZA\MPLABXPROJECTS\PROJETO.X\GENERAL_USE_HEADER.INC 68 : Using default destination of 1 (file).
Message[305] C:\USERS\SOUZA\MPLABXPROJECTS\PROJETO.X\GENERAL_USE_HEADER.INC 69 : Using default destination of 1 (file).
Warning[206] C:\USERS\SOUZA\MPLABXPROJECTS\PROJETO.X\CALCULATOR_OPERATION_HEADER.INC 106 : Found call to macro in column 1. (CMP)
Message[305] C:\USERS\SOUZA\MPLABXPROJECTS\PROJETO.X\GENERAL_USE_HEADER.INC 68 : Using default destination of 1 (file).
Message[305] C:\USERS\SOUZA\MPLABXPROJECTS\PROJETO.X\GENERAL_USE_HEADER.INC 69 : Using default destination of 1 (file).
Warning[206] C:\USERS\SOUZA\MPLABXPROJECTS\PROJETO.X\CALCULATOR_OPERATION_HEADER.INC 108 : Found call to macro in column 1. (CMP)
Message[305] C:\USERS\SOUZA\MPLABXPROJECTS\PROJETO.X\GENERAL_USE_HEADER.INC 68 : Using default destination of 1 (file).
Message[305] C:\USERS\SOUZA\MPLABXPROJECTS\PROJETO.X\GENERAL_USE_HEADER.INC 69 : Using default destination of 1 (file).
Warning[206] C:\USERS\SOUZA\MPLABXPROJECTS\PROJETO.X\CALCULATOR_OPERATION_HEADER.INC 110 : Found call to macro in column 1. (CMP)
Message[305] C:\USERS\SOUZA\MPLABXPROJECTS\PROJETO.X\GENERAL_USE_HEADER.INC 68 : Using default destination of 1 (file).
Message[305] C:\USERS\SOUZA\MPLABXPROJECTS\PROJETO.X\GENERAL_USE_HEADER.INC 69 : Using default destination of 1 (file).
Message[305] C:\USERS\SOUZA\MPLABXPROJECTS\PROJETO.X\CALCULATOR_OPERATION_HEADER.INC 115 : Using default destination of 1 (file).
Message[305] C:\USERS\SOUZA\MPLABXPROJECTS\PROJETO.X\CALCULATOR_OPERATION_HEADER.INC 120 : Using default destination of 1 (file).
Message[305] C:\USERS\SOUZA\MPLABXPROJECTS\PROJETO.X\CALCULATOR_OPERATION_HEADER.INC 125 : Using default destination of 1 (file).
Message[305] C:\USERS\SOUZA\MPLABXPROJECTS\PROJETO.X\CALCULATOR_OPERATION_HEADER.INC 130 : Using default destination of 1 (file).
Message[305] C:\USERS\SOUZA\MPLABXPROJECTS\PROJETO.X\CALCULATOR_OPERATION_HEADER.INC 135 : Using default destination of 1 (file).
Message[305] C:\USERS\SOUZA\MPLABXPROJECTS\PROJETO.X\CALCULATOR_OPERATION_HEADER.INC 140 : Using default destination of 1 (file).
Message[305] C:\USERS\SOUZA\MPLABXPROJECTS\PROJETO.X\CALCULATOR_OPERATION_HEADER.INC 145 : Using default destination of 1 (file).
Message[305] C:\USERS\SOUZA\MPLABXPROJECTS\PROJETO.X\CALCULATOR_OPERATION_HEADER.INC 150 : Using default destination of 1 (file).
Message[305] C:\USERS\SOUZA\MPLABXPROJECTS\PROJETO.X\CALCULATOR_OPERATION_HEADER.INC 155 : Using default destination of 1 (file).
Message[305] C:\USERS\SOUZA\MPLABXPROJECTS\PROJETO.X\CALCULATOR_OPERATION_HEADER.INC 160 : Using default destination of 1 (file).
Warning[203] C:\USERS\SOUZA\MPLABXPROJECTS\PROJETO.X\CALCULATOR_OPERATION_HEADER.INC 164 : Found opcode in column 1. (RETURN)
Warning[207] C:\USERS\SOUZA\MPLABXPROJECTS\PROJETO.X\CALCULATOR_OPERATION_HEADER.INC 204 : Found label after column 1. (OPERATOR_MULTI)
Message[305] C:\USERS\SOUZA\MPLABXPROJECTS\PROJETO.X\CALCULATOR_OPERATION_HEADER.INC 207 : Using default destination of 1 (file).
Message[305] C:\USERS\SOUZA\MPLABXPROJECTS\PROJETO.X\CALCULATOR_OPERATION_HEADER.INC 212 : Using default destination of 1 (file).
Message[305] C:\USERS\SOUZA\MPLABXPROJECTS\PROJETO.X\CALCULATOR_OPERATION_HEADER.INC 217 : Using default destination of 1 (file).
Message[305] C:\USERS\SOUZA\MPLABXPROJECTS\PROJETO.X\CALCULATOR_OPERATION_HEADER.INC 222 : Using default destination of 1 (file).
Warning[207] C:\USERS\SOUZA\MPLABXPROJECTS\PROJETO.X\CALCULATOR_OPERATION_HEADER.INC 229 : Found label after column 1. (LOOP_UNIDADE)
Warning[206] C:\USERS\SOUZA\MPLABXPROJECTS\PROJETO.X\CALCULATOR_OPERATION_HEADER.INC 235 : Found call to macro in column 1. (CMP)
Message[305] C:\USERS\SOUZA\MPLABXPROJECTS\PROJETO.X\GENERAL_USE_HEADER.INC 68 : Using default destination of 1 (file).
Message[305] C:\USERS\SOUZA\MPLABXPROJECTS\PROJETO.X\GENERAL_USE_HEADER.INC 69 : Using default destination of 1 (file).
Warning[206] C:\USERS\SOUZA\MPLABXPROJECTS\PROJETO.X\CALCULATOR_OPERATION_HEADER.INC 237 : Found call to macro in column 1. (CMP)
Message[305] C:\USERS\SOUZA\MPLABXPROJECTS\PROJETO.X\GENERAL_USE_HEADER.INC 68 : Using default destination of 1 (file).
Message[305] C:\USERS\SOUZA\MPLABXPROJECTS\PROJETO.X\GENERAL_USE_HEADER.INC 69 : Using default destination of 1 (file).
Warning[206] C:\USERS\SOUZA\MPLABXPROJECTS\PROJETO.X\CALCULATOR_OPERATION_HEADER.INC 239 : Found call to macro in column 1. (CMP)
Message[305] C:\USERS\SOUZA\MPLABXPROJECTS\PROJETO.X\GENERAL_USE_HEADER.INC 68 : Using default destination of 1 (file).
Message[305] C:\USERS\SOUZA\MPLABXPROJECTS\PROJETO.X\GENERAL_USE_HEADER.INC 69 : Using default destination of 1 (file).
Warning[206] C:\USERS\SOUZA\MPLABXPROJECTS\PROJETO.X\CALCULATOR_OPERATION_HEADER.INC 241 : Found call to macro in column 1. (CMP)
Message[305] C:\USERS\SOUZA\MPLABXPROJECTS\PROJETO.X\GENERAL_USE_HEADER.INC 68 : Using default destination of 1 (file).
Message[305] C:\USERS\SOUZA\MPLABXPROJECTS\PROJETO.X\GENERAL_USE_HEADER.INC 69 : Using default destination of 1 (file).
Warning[206] C:\USERS\SOUZA\MPLABXPROJECTS\PROJETO.X\CALCULATOR_OPERATION_HEADER.INC 243 : Found call to macro in column 1. (CMP)
Message[305] C:\USERS\SOUZA\MPLABXPROJECTS\PROJETO.X\GENERAL_USE_HEADER.INC 68 : Using default destination of 1 (file).
Message[305] C:\USERS\SOUZA\MPLABXPROJECTS\PROJETO.X\GENERAL_USE_HEADER.INC 69 : Using default destination of 1 (file).
Warning[206] C:\USERS\SOUZA\MPLABXPROJECTS\PROJETO.X\CALCULATOR_OPERATION_HEADER.INC 245 : Found call to macro in column 1. (CMP)
Message[305] C:\USERS\SOUZA\MPLABXPROJECTS\PROJETO.X\GENERAL_USE_HEADER.INC 68 : Using default destination of 1 (file).
Message[305] C:\USERS\SOUZA\MPLABXPROJECTS\PROJETO.X\GENERAL_USE_HEADER.INC 69 : Using default destination of 1 (file).
Warning[206] C:\USERS\SOUZA\MPLABXPROJECTS\PROJETO.X\CALCULATOR_OPERATION_HEADER.INC 247 : Found call to macro in column 1. (CMP)
Message[305] C:\USERS\SOUZA\MPLABXPROJECTS\PROJETO.X\GENERAL_USE_HEADER.INC 68 : Using default destination of 1 (file).
Message[305] C:\USERS\SOUZA\MPLABXPROJECTS\PROJETO.X\GENERAL_USE_HEADER.INC 69 : Using default destination of 1 (file).
Warning[206] C:\USERS\SOUZA\MPLABXPROJECTS\PROJETO.X\CALCULATOR_OPERATION_HEADER.INC 249 : Found call to macro in column 1. (CMP)
Message[305] C:\USERS\SOUZA\MPLABXPROJECTS\PROJETO.X\GENERAL_USE_HEADER.INC 68 : Using default destination of 1 (file).
Message[305] C:\USERS\SOUZA\MPLABXPROJECTS\PROJETO.X\GENERAL_USE_HEADER.INC 69 : Using default destination of 1 (file).
Warning[206] C:\USERS\SOUZA\MPLABXPROJECTS\PROJETO.X\CALCULATOR_OPERATION_HEADER.INC 251 : Found call to macro in column 1. (CMP)
Message[305] C:\USERS\SOUZA\MPLABXPROJECTS\PROJETO.X\GENERAL_USE_HEADER.INC 68 : Using default destination of 1 (file).
Message[305] C:\USERS\SOUZA\MPLABXPROJECTS\PROJETO.X\GENERAL_USE_HEADER.INC 69 : Using default destination of 1 (file).
Message[305] C:\USERS\SOUZA\MPLABXPROJECTS\PROJETO.X\CALCULATOR_OPERATION_HEADER.INC 256 : Using default destination of 1 (file).
Message[305] C:\USERS\SOUZA\MPLABXPROJECTS\PROJETO.X\CALCULATOR_OPERATION_HEADER.INC 261 : Using default destination of 1 (file).
Message[305] C:\USERS\SOUZA\MPLABXPROJECTS\PROJETO.X\CALCULATOR_OPERATION_HEADER.INC 266 : Using default destination of 1 (file).
Message[305] C:\USERS\SOUZA\MPLABXPROJECTS\PROJETO.X\CALCULATOR_OPERATION_HEADER.INC 271 : Using default destination of 1 (file).
Message[305] C:\USERS\SOUZA\MPLABXPROJECTS\PROJETO.X\CALCULATOR_OPERATION_HEADER.INC 276 : Using default destination of 1 (file).
Message[305] C:\USERS\SOUZA\MPLABXPROJECTS\PROJETO.X\CALCULATOR_OPERATION_HEADER.INC 281 : Using default destination of 1 (file).
Message[305] C:\USERS\SOUZA\MPLABXPROJECTS\PROJETO.X\CALCULATOR_OPERATION_HEADER.INC 286 : Using default destination of 1 (file).
Message[305] C:\USERS\SOUZA\MPLABXPROJECTS\PROJETO.X\CALCULATOR_OPERATION_HEADER.INC 291 : Using default destination of 1 (file).
Message[305] C:\USERS\SOUZA\MPLABXPROJECTS\PROJETO.X\CALCULATOR_OPERATION_HEADER.INC 296 : Using default destination of 1 (file).
Message[305] C:\USERS\SOUZA\MPLABXPROJECTS\PROJETO.X\CALCULATOR_OPERATION_HEADER.INC 300 : Using default destination of 1 (file).
Warning[207] C:\USERS\SOUZA\MPLABXPROJECTS\PROJETO.X\CALCULATOR_OPERATION_HEADER.INC 307 : Found label after column 1. (LOOP_DEZENA_P2)
Warning[206] C:\USERS\SOUZA\MPLABXPROJECTS\PROJETO.X\CALCULATOR_OPERATION_HEADER.INC 313 : Found call to macro in column 1. (CMP)
Message[305] C:\USERS\SOUZA\MPLABXPROJECTS\PROJETO.X\GENERAL_USE_HEADER.INC 68 : Using default destination of 1 (file).
Message[305] C:\USERS\SOUZA\MPLABXPROJECTS\PROJETO.X\GENERAL_USE_HEADER.INC 69 : Using default destination of 1 (file).
Warning[206] C:\USERS\SOUZA\MPLABXPROJECTS\PROJETO.X\CALCULATOR_OPERATION_HEADER.INC 315 : Found call to macro in column 1. (CMP)
Message[305] C:\USERS\SOUZA\MPLABXPROJECTS\PROJETO.X\GENERAL_USE_HEADER.INC 68 : Using default destination of 1 (file).
Message[305] C:\USERS\SOUZA\MPLABXPROJECTS\PROJETO.X\GENERAL_USE_HEADER.INC 69 : Using default destination of 1 (file).
Warning[206] C:\USERS\SOUZA\MPLABXPROJECTS\PROJETO.X\CALCULATOR_OPERATION_HEADER.INC 317 : Found call to macro in column 1. (CMP)
Message[305] C:\USERS\SOUZA\MPLABXPROJECTS\PROJETO.X\GENERAL_USE_HEADER.INC 68 : Using default destination of 1 (file).
Message[305] C:\USERS\SOUZA\MPLABXPROJECTS\PROJETO.X\GENERAL_USE_HEADER.INC 69 : Using default destination of 1 (file).
Warning[206] C:\USERS\SOUZA\MPLABXPROJECTS\PROJETO.X\CALCULATOR_OPERATION_HEADER.INC 319 : Found call to macro in column 1. (CMP)
Message[305] C:\USERS\SOUZA\MPLABXPROJECTS\PROJETO.X\GENERAL_USE_HEADER.INC 68 : Using default destination of 1 (file).
Message[305] C:\USERS\SOUZA\MPLABXPROJECTS\PROJETO.X\GENERAL_USE_HEADER.INC 69 : Using default destination of 1 (file).
Warning[206] C:\USERS\SOUZA\MPLABXPROJECTS\PROJETO.X\CALCULATOR_OPERATION_HEADER.INC 321 : Found call to macro in column 1. (CMP)
Message[305] C:\USERS\SOUZA\MPLABXPROJECTS\PROJETO.X\GENERAL_USE_HEADER.INC 68 : Using default destination of 1 (file).
Message[305] C:\USERS\SOUZA\MPLABXPROJECTS\PROJETO.X\GENERAL_USE_HEADER.INC 69 : Using default destination of 1 (file).
Warning[206] C:\USERS\SOUZA\MPLABXPROJECTS\PROJETO.X\CALCULATOR_OPERATION_HEADER.INC 323 : Found call to macro in column 1. (CMP)
Message[305] C:\USERS\SOUZA\MPLABXPROJECTS\PROJETO.X\GENERAL_USE_HEADER.INC 68 : Using default destination of 1 (file).
Message[305] C:\USERS\SOUZA\MPLABXPROJECTS\PROJETO.X\GENERAL_USE_HEADER.INC 69 : Using default destination of 1 (file).
Warning[206] C:\USERS\SOUZA\MPLABXPROJECTS\PROJETO.X\CALCULATOR_OPERATION_HEADER.INC 325 : Found call to macro in column 1. (CMP)
Message[305] C:\USERS\SOUZA\MPLABXPROJECTS\PROJETO.X\GENERAL_USE_HEADER.INC 68 : Using default destination of 1 (file).
Message[305] C:\USERS\SOUZA\MPLABXPROJECTS\PROJETO.X\GENERAL_USE_HEADER.INC 69 : Using default destination of 1 (file).
Warning[206] C:\USERS\SOUZA\MPLABXPROJECTS\PROJETO.X\CALCULATOR_OPERATION_HEADER.INC 327 : Found call to macro in column 1. (CMP)
Message[305] C:\USERS\SOUZA\MPLABXPROJECTS\PROJETO.X\GENERAL_USE_HEADER.INC 68 : Using default destination of 1 (file).
Message[305] C:\USERS\SOUZA\MPLABXPROJECTS\PROJETO.X\GENERAL_USE_HEADER.INC 69 : Using default destination of 1 (file).
Warning[206] C:\USERS\SOUZA\MPLABXPROJECTS\PROJETO.X\CALCULATOR_OPERATION_HEADER.INC 329 : Found call to macro in column 1. (CMP)
Message[305] C:\USERS\SOUZA\MPLABXPROJECTS\PROJETO.X\GENERAL_USE_HEADER.INC 68 : Using default destination of 1 (file).
Message[305] C:\USERS\SOUZA\MPLABXPROJECTS\PROJETO.X\GENERAL_USE_HEADER.INC 69 : Using default destination of 1 (file).
Warning[206] C:\USERS\SOUZA\MPLABXPROJECTS\PROJETO.X\CALCULATOR_OPERATION_HEADER.INC 331 : Found call to macro in column 1. (CMP)
Message[305] C:\USERS\SOUZA\MPLABXPROJECTS\PROJETO.X\GENERAL_USE_HEADER.INC 68 : Using default destination of 1 (file).
Message[305] C:\USERS\SOUZA\MPLABXPROJECTS\PROJETO.X\GENERAL_USE_HEADER.INC 69 : Using default destination of 1 (file).
Message[305] C:\USERS\SOUZA\MPLABXPROJECTS\PROJETO.X\CALCULATOR_OPERATION_HEADER.INC 336 : Using default destination of 1 (file).
Message[305] C:\USERS\SOUZA\MPLABXPROJECTS\PROJETO.X\CALCULATOR_OPERATION_HEADER.INC 341 : Using default destination of 1 (file).
Message[305] C:\USERS\SOUZA\MPLABXPROJECTS\PROJETO.X\CALCULATOR_OPERATION_HEADER.INC 346 : Using default destination of 1 (file).
Message[305] C:\USERS\SOUZA\MPLABXPROJECTS\PROJETO.X\CALCULATOR_OPERATION_HEADER.INC 351 : Using default destination of 1 (file).
Message[305] C:\USERS\SOUZA\MPLABXPROJECTS\PROJETO.X\CALCULATOR_OPERATION_HEADER.INC 356 : Using default destination of 1 (file).
Message[305] C:\USERS\SOUZA\MPLABXPROJECTS\PROJETO.X\CALCULATOR_OPERATION_HEADER.INC 361 : Using default destination of 1 (file).
Message[305] C:\USERS\SOUZA\MPLABXPROJECTS\PROJETO.X\CALCULATOR_OPERATION_HEADER.INC 366 : Using default destination of 1 (file).
Message[305] C:\USERS\SOUZA\MPLABXPROJECTS\PROJETO.X\CALCULATOR_OPERATION_HEADER.INC 371 : Using default destination of 1 (file).
Message[305] C:\USERS\SOUZA\MPLABXPROJECTS\PROJETO.X\CALCULATOR_OPERATION_HEADER.INC 376 : Using default destination of 1 (file).
Message[305] C:\USERS\SOUZA\MPLABXPROJECTS\PROJETO.X\CALCULATOR_OPERATION_HEADER.INC 381 : Using default destination of 1 (file).
Message[305] C:\USERS\SOUZA\MPLABXPROJECTS\PROJETO.X\CALCULATOR_OPERATION_HEADER.INC 386 : Using default destination of 1 (file).
Warning[207] C:\USERS\SOUZA\MPLABXPROJECTS\PROJETO.X\CALCULATOR_OPERATION_HEADER.INC 393 : Found label after column 1. (LOOP_DEZENA_P1)
Warning[206] C:\USERS\SOUZA\MPLABXPROJECTS\PROJETO.X\CALCULATOR_OPERATION_HEADER.INC 400 : Found call to macro in column 1. (CMP)
Message[305] C:\USERS\SOUZA\MPLABXPROJECTS\PROJETO.X\GENERAL_USE_HEADER.INC 68 : Using default destination of 1 (file).
Message[305] C:\USERS\SOUZA\MPLABXPROJECTS\PROJETO.X\GENERAL_USE_HEADER.INC 69 : Using default destination of 1 (file).
Warning[206] C:\USERS\SOUZA\MPLABXPROJECTS\PROJETO.X\CALCULATOR_OPERATION_HEADER.INC 402 : Found call to macro in column 1. (CMP)
Message[305] C:\USERS\SOUZA\MPLABXPROJECTS\PROJETO.X\GENERAL_USE_HEADER.INC 68 : Using default destination of 1 (file).
Message[305] C:\USERS\SOUZA\MPLABXPROJECTS\PROJETO.X\GENERAL_USE_HEADER.INC 69 : Using default destination of 1 (file).
Warning[206] C:\USERS\SOUZA\MPLABXPROJECTS\PROJETO.X\CALCULATOR_OPERATION_HEADER.INC 404 : Found call to macro in column 1. (CMP)
Message[305] C:\USERS\SOUZA\MPLABXPROJECTS\PROJETO.X\GENERAL_USE_HEADER.INC 68 : Using default destination of 1 (file).
Message[305] C:\USERS\SOUZA\MPLABXPROJECTS\PROJETO.X\GENERAL_USE_HEADER.INC 69 : Using default destination of 1 (file).
Warning[206] C:\USERS\SOUZA\MPLABXPROJECTS\PROJETO.X\CALCULATOR_OPERATION_HEADER.INC 406 : Found call to macro in column 1. (CMP)
Message[305] C:\USERS\SOUZA\MPLABXPROJECTS\PROJETO.X\GENERAL_USE_HEADER.INC 68 : Using default destination of 1 (file).
Message[305] C:\USERS\SOUZA\MPLABXPROJECTS\PROJETO.X\GENERAL_USE_HEADER.INC 69 : Using default destination of 1 (file).
Warning[206] C:\USERS\SOUZA\MPLABXPROJECTS\PROJETO.X\CALCULATOR_OPERATION_HEADER.INC 408 : Found call to macro in column 1. (CMP)
Message[305] C:\USERS\SOUZA\MPLABXPROJECTS\PROJETO.X\GENERAL_USE_HEADER.INC 68 : Using default destination of 1 (file).
Message[305] C:\USERS\SOUZA\MPLABXPROJECTS\PROJETO.X\GENERAL_USE_HEADER.INC 69 : Using default destination of 1 (file).
Warning[206] C:\USERS\SOUZA\MPLABXPROJECTS\PROJETO.X\CALCULATOR_OPERATION_HEADER.INC 410 : Found call to macro in column 1. (CMP)
Message[305] C:\USERS\SOUZA\MPLABXPROJECTS\PROJETO.X\GENERAL_USE_HEADER.INC 68 : Using default destination of 1 (file).
Message[305] C:\USERS\SOUZA\MPLABXPROJECTS\PROJETO.X\GENERAL_USE_HEADER.INC 69 : Using default destination of 1 (file).
Warning[206] C:\USERS\SOUZA\MPLABXPROJECTS\PROJETO.X\CALCULATOR_OPERATION_HEADER.INC 412 : Found call to macro in column 1. (CMP)
Message[305] C:\USERS\SOUZA\MPLABXPROJECTS\PROJETO.X\GENERAL_USE_HEADER.INC 68 : Using default destination of 1 (file).
Message[305] C:\USERS\SOUZA\MPLABXPROJECTS\PROJETO.X\GENERAL_USE_HEADER.INC 69 : Using default destination of 1 (file).
Warning[206] C:\USERS\SOUZA\MPLABXPROJECTS\PROJETO.X\CALCULATOR_OPERATION_HEADER.INC 414 : Found call to macro in column 1. (CMP)
Message[305] C:\USERS\SOUZA\MPLABXPROJECTS\PROJETO.X\GENERAL_USE_HEADER.INC 68 : Using default destination of 1 (file).
Message[305] C:\USERS\SOUZA\MPLABXPROJECTS\PROJETO.X\GENERAL_USE_HEADER.INC 69 : Using default destination of 1 (file).
Warning[206] C:\USERS\SOUZA\MPLABXPROJECTS\PROJETO.X\CALCULATOR_OPERATION_HEADER.INC 416 : Found call to macro in column 1. (CMP)
Message[305] C:\USERS\SOUZA\MPLABXPROJECTS\PROJETO.X\GENERAL_USE_HEADER.INC 68 : Using default destination of 1 (file).
Message[305] C:\USERS\SOUZA\MPLABXPROJECTS\PROJETO.X\GENERAL_USE_HEADER.INC 69 : Using default destination of 1 (file).
Warning[206] C:\USERS\SOUZA\MPLABXPROJECTS\PROJETO.X\CALCULATOR_OPERATION_HEADER.INC 418 : Found call to macro in column 1. (CMP)
Message[305] C:\USERS\SOUZA\MPLABXPROJECTS\PROJETO.X\GENERAL_USE_HEADER.INC 68 : Using default destination of 1 (file).
Message[305] C:\USERS\SOUZA\MPLABXPROJECTS\PROJETO.X\GENERAL_USE_HEADER.INC 69 : Using default destination of 1 (file).
Message[305] C:\USERS\SOUZA\MPLABXPROJECTS\PROJETO.X\CALCULATOR_OPERATION_HEADER.INC 423 : Using default destination of 1 (file).
Message[305] C:\USERS\SOUZA\MPLABXPROJECTS\PROJETO.X\CALCULATOR_OPERATION_HEADER.INC 428 : Using default destination of 1 (file).
Message[305] C:\USERS\SOUZA\MPLABXPROJECTS\PROJETO.X\CALCULATOR_OPERATION_HEADER.INC 433 : Using default destination of 1 (file).
Message[305] C:\USERS\SOUZA\MPLABXPROJECTS\PROJETO.X\CALCULATOR_OPERATION_HEADER.INC 438 : Using default destination of 1 (file).
Message[305] C:\USERS\SOUZA\MPLABXPROJECTS\PROJETO.X\CALCULATOR_OPERATION_HEADER.INC 443 : Using default destination of 1 (file).
Message[305] C:\USERS\SOUZA\MPLABXPROJECTS\PROJETO.X\CALCULATOR_OPERATION_HEADER.INC 448 : Using default destination of 1 (file).
Message[305] C:\USERS\SOUZA\MPLABXPROJECTS\PROJETO.X\CALCULATOR_OPERATION_HEADER.INC 453 : Using default destination of 1 (file).
Message[305] C:\USERS\SOUZA\MPLABXPROJECTS\PROJETO.X\CALCULATOR_OPERATION_HEADER.INC 458 : Using default destination of 1 (file).
Message[305] C:\USERS\SOUZA\MPLABXPROJECTS\PROJETO.X\CALCULATOR_OPERATION_HEADER.INC 463 : Using default destination of 1 (file).
Message[305] C:\USERS\SOUZA\MPLABXPROJECTS\PROJETO.X\CALCULATOR_OPERATION_HEADER.INC 468 : Using default destination of 1 (file).
Message[305] C:\USERS\SOUZA\MPLABXPROJECTS\PROJETO.X\CALCULATOR_OPERATION_HEADER.INC 473 : Using default destination of 1 (file).
Warning[207] C:\USERS\SOUZA\MPLABXPROJECTS\PROJETO.X\CALCULATOR_OPERATION_HEADER.INC 480 : Found label after column 1. (LOOP_CENTENA)
Warning[207] C:\USERS\SOUZA\MPLABXPROJECTS\PROJETO.X\CALCULATOR_OPERATION_HEADER.INC 486 : Found label after column 1. (MTESTA_CENTENA)
Warning[206] C:\USERS\SOUZA\MPLABXPROJECTS\PROJETO.X\CALCULATOR_OPERATION_HEADER.INC 487 : Found call to macro in column 1. (CMP)
Message[305] C:\USERS\SOUZA\MPLABXPROJECTS\PROJETO.X\GENERAL_USE_HEADER.INC 68 : Using default destination of 1 (file).
Message[305] C:\USERS\SOUZA\MPLABXPROJECTS\PROJETO.X\GENERAL_USE_HEADER.INC 69 : Using default destination of 1 (file).
Warning[206] C:\USERS\SOUZA\MPLABXPROJECTS\PROJETO.X\CALCULATOR_OPERATION_HEADER.INC 489 : Found call to macro in column 1. (CMP)
Message[305] C:\USERS\SOUZA\MPLABXPROJECTS\PROJETO.X\GENERAL_USE_HEADER.INC 68 : Using default destination of 1 (file).
Message[305] C:\USERS\SOUZA\MPLABXPROJECTS\PROJETO.X\GENERAL_USE_HEADER.INC 69 : Using default destination of 1 (file).
Warning[206] C:\USERS\SOUZA\MPLABXPROJECTS\PROJETO.X\CALCULATOR_OPERATION_HEADER.INC 491 : Found call to macro in column 1. (CMP)
Message[305] C:\USERS\SOUZA\MPLABXPROJECTS\PROJETO.X\GENERAL_USE_HEADER.INC 68 : Using default destination of 1 (file).
Message[305] C:\USERS\SOUZA\MPLABXPROJECTS\PROJETO.X\GENERAL_USE_HEADER.INC 69 : Using default destination of 1 (file).
Warning[206] C:\USERS\SOUZA\MPLABXPROJECTS\PROJETO.X\CALCULATOR_OPERATION_HEADER.INC 493 : Found call to macro in column 1. (CMP)
Message[305] C:\USERS\SOUZA\MPLABXPROJECTS\PROJETO.X\GENERAL_USE_HEADER.INC 68 : Using default destination of 1 (file).
Message[305] C:\USERS\SOUZA\MPLABXPROJECTS\PROJETO.X\GENERAL_USE_HEADER.INC 69 : Using default destination of 1 (file).
Warning[206] C:\USERS\SOUZA\MPLABXPROJECTS\PROJETO.X\CALCULATOR_OPERATION_HEADER.INC 495 : Found call to macro in column 1. (CMP)
Message[305] C:\USERS\SOUZA\MPLABXPROJECTS\PROJETO.X\GENERAL_USE_HEADER.INC 68 : Using default destination of 1 (file).
Message[305] C:\USERS\SOUZA\MPLABXPROJECTS\PROJETO.X\GENERAL_USE_HEADER.INC 69 : Using default destination of 1 (file).
Warning[206] C:\USERS\SOUZA\MPLABXPROJECTS\PROJETO.X\CALCULATOR_OPERATION_HEADER.INC 497 : Found call to macro in column 1. (CMP)
Message[305] C:\USERS\SOUZA\MPLABXPROJECTS\PROJETO.X\GENERAL_USE_HEADER.INC 68 : Using default destination of 1 (file).
Message[305] C:\USERS\SOUZA\MPLABXPROJECTS\PROJETO.X\GENERAL_USE_HEADER.INC 69 : Using default destination of 1 (file).
Warning[206] C:\USERS\SOUZA\MPLABXPROJECTS\PROJETO.X\CALCULATOR_OPERATION_HEADER.INC 499 : Found call to macro in column 1. (CMP)
Message[305] C:\USERS\SOUZA\MPLABXPROJECTS\PROJETO.X\GENERAL_USE_HEADER.INC 68 : Using default destination of 1 (file).
Message[305] C:\USERS\SOUZA\MPLABXPROJECTS\PROJETO.X\GENERAL_USE_HEADER.INC 69 : Using default destination of 1 (file).
Warning[206] C:\USERS\SOUZA\MPLABXPROJECTS\PROJETO.X\CALCULATOR_OPERATION_HEADER.INC 501 : Found call to macro in column 1. (CMP)
Message[305] C:\USERS\SOUZA\MPLABXPROJECTS\PROJETO.X\GENERAL_USE_HEADER.INC 68 : Using default destination of 1 (file).
Message[305] C:\USERS\SOUZA\MPLABXPROJECTS\PROJETO.X\GENERAL_USE_HEADER.INC 69 : Using default destination of 1 (file).
Warning[206] C:\USERS\SOUZA\MPLABXPROJECTS\PROJETO.X\CALCULATOR_OPERATION_HEADER.INC 503 : Found call to macro in column 1. (CMP)
Message[305] C:\USERS\SOUZA\MPLABXPROJECTS\PROJETO.X\GENERAL_USE_HEADER.INC 68 : Using default destination of 1 (file).
Message[305] C:\USERS\SOUZA\MPLABXPROJECTS\PROJETO.X\GENERAL_USE_HEADER.INC 69 : Using default destination of 1 (file).
Warning[206] C:\USERS\SOUZA\MPLABXPROJECTS\PROJETO.X\CALCULATOR_OPERATION_HEADER.INC 505 : Found call to macro in column 1. (CMP)
Message[305] C:\USERS\SOUZA\MPLABXPROJECTS\PROJETO.X\GENERAL_USE_HEADER.INC 68 : Using default destination of 1 (file).
Message[305] C:\USERS\SOUZA\MPLABXPROJECTS\PROJETO.X\GENERAL_USE_HEADER.INC 69 : Using default destination of 1 (file).
Message[305] C:\USERS\SOUZA\MPLABXPROJECTS\PROJETO.X\CALCULATOR_OPERATION_HEADER.INC 510 : Using default destination of 1 (file).
Message[305] C:\USERS\SOUZA\MPLABXPROJECTS\PROJETO.X\CALCULATOR_OPERATION_HEADER.INC 515 : Using default destination of 1 (file).
Message[305] C:\USERS\SOUZA\MPLABXPROJECTS\PROJETO.X\CALCULATOR_OPERATION_HEADER.INC 520 : Using default destination of 1 (file).
Message[305] C:\USERS\SOUZA\MPLABXPROJECTS\PROJETO.X\CALCULATOR_OPERATION_HEADER.INC 525 : Using default destination of 1 (file).
Message[305] C:\USERS\SOUZA\MPLABXPROJECTS\PROJETO.X\CALCULATOR_OPERATION_HEADER.INC 530 : Using default destination of 1 (file).
Message[305] C:\USERS\SOUZA\MPLABXPROJECTS\PROJETO.X\CALCULATOR_OPERATION_HEADER.INC 535 : Using default destination of 1 (file).
Message[305] C:\USERS\SOUZA\MPLABXPROJECTS\PROJETO.X\CALCULATOR_OPERATION_HEADER.INC 540 : Using default destination of 1 (file).
Message[305] C:\USERS\SOUZA\MPLABXPROJECTS\PROJETO.X\CALCULATOR_OPERATION_HEADER.INC 545 : Using default destination of 1 (file).
Message[305] C:\USERS\SOUZA\MPLABXPROJECTS\PROJETO.X\CALCULATOR_OPERATION_HEADER.INC 550 : Using default destination of 1 (file).
Message[305] C:\USERS\SOUZA\MPLABXPROJECTS\PROJETO.X\CALCULATOR_OPERATION_HEADER.INC 555 : Using default destination of 1 (file).
Message[305] C:\USERS\SOUZA\MPLABXPROJECTS\PROJETO.X\CALCULATOR_OPERATION_HEADER.INC 560 : Using default destination of 1 (file).
Warning[206] C:\USERS\SOUZA\MPLABXPROJECTS\PROJETO.X\MAIN.ASM 52 : Found call to macro in column 1. (INICIALIZA_CASAS)
Warning[203] C:\USERS\SOUZA\MPLABXPROJECTS\PROJETO.X\MAIN.ASM 55 : Found opcode in column 1. (CALL)
Warning[203] C:\USERS\SOUZA\MPLABXPROJECTS\PROJETO.X\MAIN.ASM 57 : Found opcode in column 1. (CALL)
Warning[203] C:\USERS\SOUZA\MPLABXPROJECTS\PROJETO.X\MAIN.ASM 58 : Found opcode in column 1. (MOVF)
Warning[203] C:\USERS\SOUZA\MPLABXPROJECTS\PROJETO.X\MAIN.ASM 59 : Found opcode in column 1. (MOVWF)
Warning[203] C:\USERS\SOUZA\MPLABXPROJECTS\PROJETO.X\MAIN.ASM 62 : Found opcode in column 1. (CALL)
Warning[203] C:\USERS\SOUZA\MPLABXPROJECTS\PROJETO.X\MAIN.ASM 63 : Found opcode in column 1. (MOVF)
Warning[203] C:\USERS\SOUZA\MPLABXPROJECTS\PROJETO.X\MAIN.ASM 64 : Found opcode in column 1. (MOVWF)
Warning[203] C:\USERS\SOUZA\MPLABXPROJECTS\PROJETO.X\MAIN.ASM 70 : Found opcode in column 1. (CALL)
Warning[203] C:\USERS\SOUZA\MPLABXPROJECTS\PROJETO.X\MAIN.ASM 71 : Found opcode in column 1. (MOVF)
Warning[203] C:\USERS\SOUZA\MPLABXPROJECTS\PROJETO.X\MAIN.ASM 72 : Found opcode in column 1. (MOVWF)
Warning[203] C:\USERS\SOUZA\MPLABXPROJECTS\PROJETO.X\MAIN.ASM 74 : Found opcode in column 1. (CALL)
Warning[203] C:\USERS\SOUZA\MPLABXPROJECTS\PROJETO.X\MAIN.ASM 75 : Found opcode in column 1. (MOVF)
Warning[203] C:\USERS\SOUZA\MPLABXPROJECTS\PROJETO.X\MAIN.ASM 76 : Found opcode in column 1. (MOVWF)
Warning[203] C:\USERS\SOUZA\MPLABXPROJECTS\PROJETO.X\MAIN.ASM 80 : Found opcode in column 1. (CALL)
Warning[203] C:\USERS\SOUZA\MPLABXPROJECTS\PROJETO.X\MAIN.ASM 82 : Found opcode in column 1. (CALL)
Warning[203] C:\USERS\SOUZA\MPLABXPROJECTS\PROJETO.X\MAIN.ASM 86 : Found opcode in column 1. (GOTO)
